This is pdfTeX, Version 3.14159265-2.6-1.40.15 (TeX Live 2014) (preloaded format=pdflatex 2014.5.25)  22 SEP 2017 00:09
entering extended mode
 restricted \write18 enabled.
 %&-line parsing enabled.
**Manuscripts_GMD_ap_ref1-diff.tex
(./Manuscripts_GMD_ap_ref1-diff.tex
LaTeX2e <2014/05/01>
Babel <3.9k> and hyphenation patterns for 78 languages loaded.
(./copernicus.cls
Document Class: copernicus 2017/06/21 8.45 Copernicus papers
(/usr/local/texlive/2014/texmf-dist/tex/latex/base/fixltx2e.sty
Package: fixltx2e 2014/05/13 v1.1q fixes to LaTeX
LaTeX Info: Redefining \em on input line 429.
)
Additional configuration file copernicus.cfg used
(./copernicus.cfg)
(/usr/local/texlive/2014/texmf-dist/tex/latex/base/article.cls
Document Class: article 2007/10/19 v1.4h Standard LaTeX document class
(/usr/local/texlive/2014/texmf-dist/tex/latex/base/fleqn.clo
File: fleqn.clo 1998/08/17 v1.1c Standard LaTeX option (flush left equations)
\mathindent=\dimen102
)
(/usr/local/texlive/2014/texmf-dist/tex/latex/base/size10.clo
File: size10.clo 2007/10/19 v1.4h Standard LaTeX file (size option)
)
\c@part=\count79
\c@section=\count80
\c@subsection=\count81
\c@subsubsection=\count82
\c@paragraph=\count83
\c@subparagraph=\count84
\c@figure=\count85
\c@table=\count86
\abovecaptionskip=\skip41
\belowcaptionskip=\skip42
\bibindent=\dimen103
)
\bleed=\dimen104
\longtwo@top=\skip43
\longtwo@bottom=\skip44
\longtwo@box=\box26

(/usr/local/texlive/2014/texmf-dist/tex/latex/base/fontenc.sty
Package: fontenc 2005/09/27 v1.99g Standard LaTeX package

(/usr/local/texlive/2014/texmf-dist/tex/latex/base/t1enc.def
File: t1enc.def 2005/09/27 v1.99g Standard LaTeX file
LaTeX Font Info:    Redeclaring font encoding T1 on input line 43.
))
(/usr/local/texlive/2014/texmf-dist/tex/latex/base/textcomp.sty
Package: textcomp 2005/09/27 v1.99g Standard LaTeX package
Package textcomp Info: Sub-encoding information:
(textcomp)               5 = only ISO-Adobe without \textcurrency
(textcomp)               4 = 5 + \texteuro
(textcomp)               3 = 4 + \textohm
(textcomp)               2 = 3 + \textestimated + \textcurrency
(textcomp)               1 = TS1 - \textcircled - \t
(textcomp)               0 = TS1 (full)
(textcomp)             Font families with sub-encoding setting implement
(textcomp)             only a restricted character set as indicated.
(textcomp)             Family '?' is the default used for unknown fonts.
(textcomp)             See the documentation for details.
Package textcomp Info: Setting ? sub-encoding to TS1/1 on input line 71.

(/usr/local/texlive/2014/texmf-dist/tex/latex/base/ts1enc.def
File: ts1enc.def 2001/06/05 v3.0e (jk/car/fm) Standard LaTeX file
)
LaTeX Info: Redefining \oldstylenums on input line 266.
Package textcomp Info: Setting cmr sub-encoding to TS1/0 on input line 281.
Package textcomp Info: Setting cmss sub-encoding to TS1/0 on input line 282.
Package textcomp Info: Setting cmtt sub-encoding to TS1/0 on input line 283.
Package textcomp Info: Setting cmvtt sub-encoding to TS1/0 on input line 284.
Package textcomp Info: Setting cmbr sub-encoding to TS1/0 on input line 285.
Package textcomp Info: Setting cmtl sub-encoding to TS1/0 on input line 286.
Package textcomp Info: Setting ccr sub-encoding to TS1/0 on input line 287.
Package textcomp Info: Setting ptm sub-encoding to TS1/4 on input line 288.
Package textcomp Info: Setting pcr sub-encoding to TS1/4 on input line 289.
Package textcomp Info: Setting phv sub-encoding to TS1/4 on input line 290.
Package textcomp Info: Setting ppl sub-encoding to TS1/3 on input line 291.
Package textcomp Info: Setting pag sub-encoding to TS1/4 on input line 292.
Package textcomp Info: Setting pbk sub-encoding to TS1/4 on input line 293.
Package textcomp Info: Setting pnc sub-encoding to TS1/4 on input line 294.
Package textcomp Info: Setting pzc sub-encoding to TS1/4 on input line 295.
Package textcomp Info: Setting bch sub-encoding to TS1/4 on input line 296.
Package textcomp Info: Setting put sub-encoding to TS1/5 on input line 297.
Package textcomp Info: Setting uag sub-encoding to TS1/5 on input line 298.
Package textcomp Info: Setting ugq sub-encoding to TS1/5 on input line 299.
Package textcomp Info: Setting ul8 sub-encoding to TS1/4 on input line 300.
Package textcomp Info: Setting ul9 sub-encoding to TS1/4 on input line 301.
Package textcomp Info: Setting augie sub-encoding to TS1/5 on input line 302.
Package textcomp Info: Setting dayrom sub-encoding to TS1/3 on input line 303.
Package textcomp Info: Setting dayroms sub-encoding to TS1/3 on input line 304.

Package textcomp Info: Setting pxr sub-encoding to TS1/0 on input line 305.
Package textcomp Info: Setting pxss sub-encoding to TS1/0 on input line 306.
Package textcomp Info: Setting pxtt sub-encoding to TS1/0 on input line 307.
Package textcomp Info: Setting txr sub-encoding to TS1/0 on input line 308.
Package textcomp Info: Setting txss sub-encoding to TS1/0 on input line 309.
Package textcomp Info: Setting txtt sub-encoding to TS1/0 on input line 310.
Package textcomp Info: Setting lmr sub-encoding to TS1/0 on input line 311.
Package textcomp Info: Setting lmdh sub-encoding to TS1/0 on input line 312.
Package textcomp Info: Setting lmss sub-encoding to TS1/0 on input line 313.
Package textcomp Info: Setting lmssq sub-encoding to TS1/0 on input line 314.
Package textcomp Info: Setting lmvtt sub-encoding to TS1/0 on input line 315.
Package textcomp Info: Setting qhv sub-encoding to TS1/0 on input line 316.
Package textcomp Info: Setting qag sub-encoding to TS1/0 on input line 317.
Package textcomp Info: Setting qbk sub-encoding to TS1/0 on input line 318.
Package textcomp Info: Setting qcr sub-encoding to TS1/0 on input line 319.
Package textcomp Info: Setting qcs sub-encoding to TS1/0 on input line 320.
Package textcomp Info: Setting qpl sub-encoding to TS1/0 on input line 321.
Package textcomp Info: Setting qtm sub-encoding to TS1/0 on input line 322.
Package textcomp Info: Setting qzc sub-encoding to TS1/0 on input line 323.
Package textcomp Info: Setting qhvc sub-encoding to TS1/0 on input line 324.
Package textcomp Info: Setting futs sub-encoding to TS1/4 on input line 325.
Package textcomp Info: Setting futx sub-encoding to TS1/4 on input line 326.
Package textcomp Info: Setting futj sub-encoding to TS1/4 on input line 327.
Package textcomp Info: Setting hlh sub-encoding to TS1/3 on input line 328.
Package textcomp Info: Setting hls sub-encoding to TS1/3 on input line 329.
Package textcomp Info: Setting hlst sub-encoding to TS1/3 on input line 330.
Package textcomp Info: Setting hlct sub-encoding to TS1/5 on input line 331.
Package textcomp Info: Setting hlx sub-encoding to TS1/5 on input line 332.
Package textcomp Info: Setting hlce sub-encoding to TS1/5 on input line 333.
Package textcomp Info: Setting hlcn sub-encoding to TS1/5 on input line 334.
Package textcomp Info: Setting hlcw sub-encoding to TS1/5 on input line 335.
Package textcomp Info: Setting hlcf sub-encoding to TS1/5 on input line 336.
Package textcomp Info: Setting pplx sub-encoding to TS1/3 on input line 337.
Package textcomp Info: Setting pplj sub-encoding to TS1/3 on input line 338.
Package textcomp Info: Setting ptmx sub-encoding to TS1/4 on input line 339.
Package textcomp Info: Setting ptmj sub-encoding to TS1/4 on input line 340.
)
(/usr/local/texlive/2014/texmf-dist/tex/latex/base/inputenc.sty
Package: inputenc 2014/04/30 v1.2b Input encoding file
\inpenc@prehook=\toks14
\inpenc@posthook=\toks15

(/usr/local/texlive/2014/texmf-dist/tex/latex/base/utf8.def
File: utf8.def 2008/04/05 v1.1m UTF-8 support for inputenc
Now handling font encoding OML ...
... no UTF-8 mapping file for font encoding OML
Now handling font encoding T1 ...
... processing UTF-8 mapping file for font encoding T1

(/usr/local/texlive/2014/texmf-dist/tex/latex/base/t1enc.dfu
File: t1enc.dfu 2008/04/05 v1.1m UTF-8 support for inputenc
   defining Unicode char U+00A1 (decimal 161)
   defining Unicode char U+00A3 (decimal 163)
   defining Unicode char U+00AB (decimal 171)
   defining Unicode char U+00BB (decimal 187)
   defining Unicode char U+00BF (decimal 191)
   defining Unicode char U+00C0 (decimal 192)
   defining Unicode char U+00C1 (decimal 193)
   defining Unicode char U+00C2 (decimal 194)
   defining Unicode char U+00C3 (decimal 195)
   defining Unicode char U+00C4 (decimal 196)
   defining Unicode char U+00C5 (decimal 197)
   defining Unicode char U+00C6 (decimal 198)
   defining Unicode char U+00C7 (decimal 199)
   defining Unicode char U+00C8 (decimal 200)
   defining Unicode char U+00C9 (decimal 201)
   defining Unicode char U+00CA (decimal 202)
   defining Unicode char U+00CB (decimal 203)
   defining Unicode char U+00CC (decimal 204)
   defining Unicode char U+00CD (decimal 205)
   defining Unicode char U+00CE (decimal 206)
   defining Unicode char U+00CF (decimal 207)
   defining Unicode char U+00D0 (decimal 208)
   defining Unicode char U+00D1 (decimal 209)
   defining Unicode char U+00D2 (decimal 210)
   defining Unicode char U+00D3 (decimal 211)
   defining Unicode char U+00D4 (decimal 212)
   defining Unicode char U+00D5 (decimal 213)
   defining Unicode char U+00D6 (decimal 214)
   defining Unicode char U+00D8 (decimal 216)
   defining Unicode char U+00D9 (decimal 217)
   defining Unicode char U+00DA (decimal 218)
   defining Unicode char U+00DB (decimal 219)
   defining Unicode char U+00DC (decimal 220)
   defining Unicode char U+00DD (decimal 221)
   defining Unicode char U+00DE (decimal 222)
   defining Unicode char U+00DF (decimal 223)
   defining Unicode char U+00E0 (decimal 224)
   defining Unicode char U+00E1 (decimal 225)
   defining Unicode char U+00E2 (decimal 226)
   defining Unicode char U+00E3 (decimal 227)
   defining Unicode char U+00E4 (decimal 228)
   defining Unicode char U+00E5 (decimal 229)
   defining Unicode char U+00E6 (decimal 230)
   defining Unicode char U+00E7 (decimal 231)
   defining Unicode char U+00E8 (decimal 232)
   defining Unicode char U+00E9 (decimal 233)
   defining Unicode char U+00EA (decimal 234)
   defining Unicode char U+00EB (decimal 235)
   defining Unicode char U+00EC (decimal 236)
   defining Unicode char U+00ED (decimal 237)
   defining Unicode char U+00EE (decimal 238)
   defining Unicode char U+00EF (decimal 239)
   defining Unicode char U+00F0 (decimal 240)
   defining Unicode char U+00F1 (decimal 241)
   defining Unicode char U+00F2 (decimal 242)
   defining Unicode char U+00F3 (decimal 243)
   defining Unicode char U+00F4 (decimal 244)
   defining Unicode char U+00F5 (decimal 245)
   defining Unicode char U+00F6 (decimal 246)
   defining Unicode char U+00F8 (decimal 248)
   defining Unicode char U+00F9 (decimal 249)
   defining Unicode char U+00FA (decimal 250)
   defining Unicode char U+00FB (decimal 251)
   defining Unicode char U+00FC (decimal 252)
   defining Unicode char U+00FD (decimal 253)
   defining Unicode char U+00FE (decimal 254)
   defining Unicode char U+00FF (decimal 255)
   defining Unicode char U+0102 (decimal 258)
   defining Unicode char U+0103 (decimal 259)
   defining Unicode char U+0104 (decimal 260)
   defining Unicode char U+0105 (decimal 261)
   defining Unicode char U+0106 (decimal 262)
   defining Unicode char U+0107 (decimal 263)
   defining Unicode char U+010C (decimal 268)
   defining Unicode char U+010D (decimal 269)
   defining Unicode char U+010E (decimal 270)
   defining Unicode char U+010F (decimal 271)
   defining Unicode char U+0110 (decimal 272)
   defining Unicode char U+0111 (decimal 273)
   defining Unicode char U+0118 (decimal 280)
   defining Unicode char U+0119 (decimal 281)
   defining Unicode char U+011A (decimal 282)
   defining Unicode char U+011B (decimal 283)
   defining Unicode char U+011E (decimal 286)
   defining Unicode char U+011F (decimal 287)
   defining Unicode char U+0130 (decimal 304)
   defining Unicode char U+0131 (decimal 305)
   defining Unicode char U+0132 (decimal 306)
   defining Unicode char U+0133 (decimal 307)
   defining Unicode char U+0139 (decimal 313)
   defining Unicode char U+013A (decimal 314)
   defining Unicode char U+013D (decimal 317)
   defining Unicode char U+013E (decimal 318)
   defining Unicode char U+0141 (decimal 321)
   defining Unicode char U+0142 (decimal 322)
   defining Unicode char U+0143 (decimal 323)
   defining Unicode char U+0144 (decimal 324)
   defining Unicode char U+0147 (decimal 327)
   defining Unicode char U+0148 (decimal 328)
   defining Unicode char U+014A (decimal 330)
   defining Unicode char U+014B (decimal 331)
   defining Unicode char U+0150 (decimal 336)
   defining Unicode char U+0151 (decimal 337)
   defining Unicode char U+0152 (decimal 338)
   defining Unicode char U+0153 (decimal 339)
   defining Unicode char U+0154 (decimal 340)
   defining Unicode char U+0155 (decimal 341)
   defining Unicode char U+0158 (decimal 344)
   defining Unicode char U+0159 (decimal 345)
   defining Unicode char U+015A (decimal 346)
   defining Unicode char U+015B (decimal 347)
   defining Unicode char U+015E (decimal 350)
   defining Unicode char U+015F (decimal 351)
   defining Unicode char U+0160 (decimal 352)
   defining Unicode char U+0161 (decimal 353)
   defining Unicode char U+0162 (decimal 354)
   defining Unicode char U+0163 (decimal 355)
   defining Unicode char U+0164 (decimal 356)
   defining Unicode char U+0165 (decimal 357)
   defining Unicode char U+016E (decimal 366)
   defining Unicode char U+016F (decimal 367)
   defining Unicode char U+0170 (decimal 368)
   defining Unicode char U+0171 (decimal 369)
   defining Unicode char U+0178 (decimal 376)
   defining Unicode char U+0179 (decimal 377)
   defining Unicode char U+017A (decimal 378)
   defining Unicode char U+017B (decimal 379)
   defining Unicode char U+017C (decimal 380)
   defining Unicode char U+017D (decimal 381)
   defining Unicode char U+017E (decimal 382)
   defining Unicode char U+200C (decimal 8204)
   defining Unicode char U+2013 (decimal 8211)
   defining Unicode char U+2014 (decimal 8212)
   defining Unicode char U+2018 (decimal 8216)
   defining Unicode char U+2019 (decimal 8217)
   defining Unicode char U+201A (decimal 8218)
   defining Unicode char U+201C (decimal 8220)
   defining Unicode char U+201D (decimal 8221)
   defining Unicode char U+201E (decimal 8222)
   defining Unicode char U+2030 (decimal 8240)
   defining Unicode char U+2031 (decimal 8241)
   defining Unicode char U+2039 (decimal 8249)
   defining Unicode char U+203A (decimal 8250)
   defining Unicode char U+2423 (decimal 9251)
)
Now handling font encoding OT1 ...
... processing UTF-8 mapping file for font encoding OT1

(/usr/local/texlive/2014/texmf-dist/tex/latex/base/ot1enc.dfu
File: ot1enc.dfu 2008/04/05 v1.1m UTF-8 support for inputenc
   defining Unicode char U+00A1 (decimal 161)
   defining Unicode char U+00A3 (decimal 163)
   defining Unicode char U+00B8 (decimal 184)
   defining Unicode char U+00BF (decimal 191)
   defining Unicode char U+00C5 (decimal 197)
   defining Unicode char U+00C6 (decimal 198)
   defining Unicode char U+00D8 (decimal 216)
   defining Unicode char U+00DF (decimal 223)
   defining Unicode char U+00E6 (decimal 230)
   defining Unicode char U+00EC (decimal 236)
   defining Unicode char U+00ED (decimal 237)
   defining Unicode char U+00EE (decimal 238)
   defining Unicode char U+00EF (decimal 239)
   defining Unicode char U+00F8 (decimal 248)
   defining Unicode char U+0131 (decimal 305)
   defining Unicode char U+0141 (decimal 321)
   defining Unicode char U+0142 (decimal 322)
   defining Unicode char U+0152 (decimal 338)
   defining Unicode char U+0153 (decimal 339)
   defining Unicode char U+2013 (decimal 8211)
   defining Unicode char U+2014 (decimal 8212)
   defining Unicode char U+2018 (decimal 8216)
   defining Unicode char U+2019 (decimal 8217)
   defining Unicode char U+201C (decimal 8220)
   defining Unicode char U+201D (decimal 8221)
)
Now handling font encoding OMS ...
... processing UTF-8 mapping file for font encoding OMS

(/usr/local/texlive/2014/texmf-dist/tex/latex/base/omsenc.dfu
File: omsenc.dfu 2008/04/05 v1.1m UTF-8 support for inputenc
   defining Unicode char U+00A7 (decimal 167)
   defining Unicode char U+00B6 (decimal 182)
   defining Unicode char U+00B7 (decimal 183)
   defining Unicode char U+2020 (decimal 8224)
   defining Unicode char U+2021 (decimal 8225)
   defining Unicode char U+2022 (decimal 8226)
)
Now handling font encoding OMX ...
... no UTF-8 mapping file for font encoding OMX
Now handling font encoding U ...
... no UTF-8 mapping file for font encoding U
Now handling font encoding TS1 ...
... processing UTF-8 mapping file for font encoding TS1

(/usr/local/texlive/2014/texmf-dist/tex/latex/base/ts1enc.dfu
File: ts1enc.dfu 2008/04/05 v1.1m UTF-8 support for inputenc
   defining Unicode char U+00A2 (decimal 162)
   defining Unicode char U+00A3 (decimal 163)
   defining Unicode char U+00A4 (decimal 164)
   defining Unicode char U+00A5 (decimal 165)
   defining Unicode char U+00A6 (decimal 166)
   defining Unicode char U+00A7 (decimal 167)
   defining Unicode char U+00A8 (decimal 168)
   defining Unicode char U+00A9 (decimal 169)
   defining Unicode char U+00AA (decimal 170)
   defining Unicode char U+00AC (decimal 172)
   defining Unicode char U+00AE (decimal 174)
   defining Unicode char U+00AF (decimal 175)
   defining Unicode char U+00B0 (decimal 176)
   defining Unicode char U+00B1 (decimal 177)
   defining Unicode char U+00B2 (decimal 178)
   defining Unicode char U+00B3 (decimal 179)
   defining Unicode char U+00B4 (decimal 180)
   defining Unicode char U+00B5 (decimal 181)
   defining Unicode char U+00B6 (decimal 182)
   defining Unicode char U+00B7 (decimal 183)
   defining Unicode char U+00B9 (decimal 185)
   defining Unicode char U+00BA (decimal 186)
   defining Unicode char U+00BC (decimal 188)
   defining Unicode char U+00BD (decimal 189)
   defining Unicode char U+00BE (decimal 190)
   defining Unicode char U+00D7 (decimal 215)
   defining Unicode char U+00F7 (decimal 247)
   defining Unicode char U+0192 (decimal 402)
   defining Unicode char U+02C7 (decimal 711)
   defining Unicode char U+02D8 (decimal 728)
   defining Unicode char U+02DD (decimal 733)
   defining Unicode char U+0E3F (decimal 3647)
   defining Unicode char U+2016 (decimal 8214)
   defining Unicode char U+2020 (decimal 8224)
   defining Unicode char U+2021 (decimal 8225)
   defining Unicode char U+2022 (decimal 8226)
   defining Unicode char U+2030 (decimal 8240)
   defining Unicode char U+2031 (decimal 8241)
   defining Unicode char U+203B (decimal 8251)
   defining Unicode char U+203D (decimal 8253)
   defining Unicode char U+2044 (decimal 8260)
   defining Unicode char U+204E (decimal 8270)
   defining Unicode char U+2052 (decimal 8274)
   defining Unicode char U+20A1 (decimal 8353)
   defining Unicode char U+20A4 (decimal 8356)
   defining Unicode char U+20A6 (decimal 8358)
   defining Unicode char U+20A9 (decimal 8361)
   defining Unicode char U+20AB (decimal 8363)
   defining Unicode char U+20AC (decimal 8364)
   defining Unicode char U+20B1 (decimal 8369)
   defining Unicode char U+2103 (decimal 8451)
   defining Unicode char U+2116 (decimal 8470)
   defining Unicode char U+2117 (decimal 8471)
   defining Unicode char U+211E (decimal 8478)
   defining Unicode char U+2120 (decimal 8480)
   defining Unicode char U+2122 (decimal 8482)
   defining Unicode char U+2126 (decimal 8486)
   defining Unicode char U+2127 (decimal 8487)
   defining Unicode char U+212E (decimal 8494)
   defining Unicode char U+2190 (decimal 8592)
   defining Unicode char U+2191 (decimal 8593)
   defining Unicode char U+2192 (decimal 8594)
   defining Unicode char U+2193 (decimal 8595)
   defining Unicode char U+2329 (decimal 9001)
   defining Unicode char U+232A (decimal 9002)
   defining Unicode char U+2422 (decimal 9250)
   defining Unicode char U+25E6 (decimal 9702)
   defining Unicode char U+25EF (decimal 9711)
   defining Unicode char U+266A (decimal 9834)
)
   defining Unicode char U+00A9 (decimal 169)
   defining Unicode char U+00AA (decimal 170)
   defining Unicode char U+00AE (decimal 174)
   defining Unicode char U+00BA (decimal 186)
   defining Unicode char U+02C6 (decimal 710)
   defining Unicode char U+02DC (decimal 732)
   defining Unicode char U+200C (decimal 8204)
   defining Unicode char U+2026 (decimal 8230)
   defining Unicode char U+2122 (decimal 8482)
   defining Unicode char U+2423 (decimal 9251)
))
   defining Unicode char U+394 (decimal 916)
   defining Unicode char U+8710 (decimal 34576)

(/usr/local/texlive/2014/texmf-dist/tex/generic/babel/babel.sty
Package: babel 2014/03/24 3.9k The Babel package

(/usr/local/texlive/2014/texmf-dist/tex/generic/babel-english/english.ldf
Language: english 2012/08/20 v3.3p English support from the babel system

(/usr/local/texlive/2014/texmf-dist/tex/generic/babel/babel.def
File: babel.def 2014/03/24 3.9k Babel common definitions
\babel@savecnt=\count87
\U@D=\dimen105
)
\l@canadian = a dialect from \language\l@american 
\l@australian = a dialect from \language\l@british 
\l@newzealand = a dialect from \language\l@british 
))
(/usr/local/texlive/2014/texmf-dist/tex/latex/tools/array.sty
Package: array 2008/09/09 v2.4c Tabular extension package (FMi)
\col@sep=\dimen106
\extrarowheight=\dimen107
\NC@list=\toks16
\extratabsurround=\skip45
\backup@length=\skip46
)
(/usr/local/texlive/2014/texmf-dist/tex/latex/tools/tabularx.sty
Package: tabularx 2014/05/13 v2.10 `tabularx' package (DPC)
\TX@col@width=\dimen108
\TX@old@table=\dimen109
\TX@old@col=\dimen110
\TX@target=\dimen111
\TX@delta=\dimen112
\TX@cols=\count88
\TX@ftn=\toks17
)
(/usr/local/texlive/2014/texmf-dist/tex/latex/graphics/graphicx.sty
Package: graphicx 2014/04/25 v1.0g Enhanced LaTeX Graphics (DPC,SPQR)

(/usr/local/texlive/2014/texmf-dist/tex/latex/graphics/keyval.sty
Package: keyval 2014/05/08 v1.15 key=value parser (DPC)
\KV@toks@=\toks18
)
(/usr/local/texlive/2014/texmf-dist/tex/latex/graphics/graphics.sty
Package: graphics 2009/02/05 v1.0o Standard LaTeX Graphics (DPC,SPQR)

(/usr/local/texlive/2014/texmf-dist/tex/latex/graphics/trig.sty
Package: trig 1999/03/16 v1.09 sin cos tan (DPC)
)
(/usr/local/texlive/2014/texmf-dist/tex/latex/latexconfig/graphics.cfg
File: graphics.cfg 2010/04/23 v1.9 graphics configuration of TeX Live
)
Package graphics Info: Driver file: pdftex.def on input line 91.

(/usr/local/texlive/2014/texmf-dist/tex/latex/pdftex-def/pdftex.def
File: pdftex.def 2011/05/27 v0.06d Graphics/color for pdfTeX

(/usr/local/texlive/2014/texmf-dist/tex/generic/oberdiek/infwarerr.sty
Package: infwarerr 2010/04/08 v1.3 Providing info/warning/error messages (HO)
)
(/usr/local/texlive/2014/texmf-dist/tex/generic/oberdiek/ltxcmds.sty
Package: ltxcmds 2011/11/09 v1.22 LaTeX kernel commands for general use (HO)
)
\Gread@gobject=\count89
))
\Gin@req@height=\dimen113
\Gin@req@width=\dimen114
)
(/usr/local/texlive/2014/texmf-dist/tex/latex/graphics/color.sty
Package: color 2014/04/23 v1.1a Standard LaTeX Color (DPC)

(/usr/local/texlive/2014/texmf-dist/tex/latex/latexconfig/color.cfg
File: color.cfg 2007/01/18 v1.5 color configuration of teTeX/TeXLive
)
Package color Info: Driver file: pdftex.def on input line 137.
)
(/usr/local/texlive/2014/texmf-dist/tex/latex/amsfonts/amssymb.sty
Package: amssymb 2013/01/14 v3.01 AMS font symbols

(/usr/local/texlive/2014/texmf-dist/tex/latex/amsfonts/amsfonts.sty
Package: amsfonts 2013/01/14 v3.01 Basic AMSFonts support
\@emptytoks=\toks19
\symAMSa=\mathgroup4
\symAMSb=\mathgroup5
LaTeX Font Info:    Overwriting math alphabet `\mathfrak' in version `bold'
(Font)                  U/euf/m/n --> U/euf/b/n on input line 106.
))
(/usr/local/texlive/2014/texmf-dist/tex/latex/amsmath/amsmath.sty
Package: amsmath 2013/01/14 v2.14 AMS math features
\@mathmargin=\skip47

For additional information on amsmath, use the `?' option.
(/usr/local/texlive/2014/texmf-dist/tex/latex/amsmath/amstext.sty
Package: amstext 2000/06/29 v2.01

(/usr/local/texlive/2014/texmf-dist/tex/latex/amsmath/amsgen.sty
File: amsgen.sty 1999/11/30 v2.0
\@emptytoks=\toks20
\ex@=\dimen115
))
(/usr/local/texlive/2014/texmf-dist/tex/latex/amsmath/amsbsy.sty
Package: amsbsy 1999/11/29 v1.2d
\pmbraise@=\dimen116
)
(/usr/local/texlive/2014/texmf-dist/tex/latex/amsmath/amsopn.sty
Package: amsopn 1999/12/14 v2.01 operator names
)
\inf@bad=\count90
LaTeX Info: Redefining \frac on input line 210.
\uproot@=\count91
\leftroot@=\count92
LaTeX Info: Redefining \overline on input line 306.
\classnum@=\count93
\DOTSCASE@=\count94
LaTeX Info: Redefining \ldots on input line 378.
LaTeX Info: Redefining \dots on input line 381.
LaTeX Info: Redefining \cdots on input line 466.
\Mathstrutbox@=\box27
\strutbox@=\box28
\big@size=\dimen117
LaTeX Font Info:    Redeclaring font encoding OML on input line 566.
LaTeX Font Info:    Redeclaring font encoding OMS on input line 567.
\macc@depth=\count95
\c@MaxMatrixCols=\count96
\dotsspace@=\muskip10
\c@parentequation=\count97
\dspbrk@lvl=\count98
\tag@help=\toks21
\row@=\count99
\column@=\count100
\maxfields@=\count101
\andhelp@=\toks22
\eqnshift@=\dimen118
\alignsep@=\dimen119
\tagshift@=\dimen120
\tagwidth@=\dimen121
\totwidth@=\dimen122
\lineht@=\dimen123
\@envbody=\toks23
\multlinegap=\skip48
\multlinetaggap=\skip49
\mathdisplay@stack=\toks24
LaTeX Info: Redefining \[ on input line 2665.
LaTeX Info: Redefining \] on input line 2666.
)
(/usr/local/texlive/2014/texmf-dist/tex/latex/amscls/amsthm.sty
Package: amsthm 2004/08/06 v2.20
\thm@style=\toks25
\thm@bodyfont=\toks26
\thm@headfont=\toks27
\thm@notefont=\toks28
\thm@headpunct=\toks29
\thm@preskip=\skip50
\thm@postskip=\skip51
\thm@headsep=\skip52
\dth@everypar=\toks30
)
\affilsep=\skip53
\@affilsep=\skip54
\c@Maxaffil=\count102
\c@authors=\count103
\c@affil=\count104

(/usr/local/texlive/2014/texmf-dist/tex/latex/url/url.sty
\Urlmuskip=\muskip11
Package: url 2013/09/16  ver 3.4  Verb mode for urls, etc.
)
(/usr/local/texlive/2014/texmf-dist/tex/latex/bezos/accents.sty
Package: accents 2006/05/12 v1.3 Math Accent Tools
\cc@skew=\dimen124
\cc@wd=\dimen125
\cc@code=\count105
\cc@group=\count106
\cc@skewchar=\count107
)
(/usr/local/texlive/2014/texmf-dist/tex/latex/cancel/cancel.sty
Package: cancel 2013/04/12 v2.2 Cancel math terms
)
(/usr/local/texlive/2014/texmf-dist/tex/latex/multirow/multirow.sty
\bigstrutjot=\dimen126
)
(/usr/local/texlive/2014/texmf-dist/tex/latex/supertabular/supertabular.sty
Package: supertabular 2004/02/20 v4.1e the supertabular environment
\c@tracingst=\count108
\ST@wd=\dimen127
\ST@rightskip=\skip55
\ST@leftskip=\skip56
\ST@parfillskip=\skip57
\ST@pageleft=\dimen128
\ST@headht=\dimen129
\ST@tailht=\dimen130
\ST@pagesofar=\dimen131
\ST@pboxht=\dimen132
\ST@lineht=\dimen133
\ST@stretchht=\dimen134
\ST@prevht=\dimen135
\ST@toadd=\dimen136
\ST@dimen=\dimen137
\ST@pbox=\box29
)
(/usr/local/texlive/2014/texmf-dist/tex/latex/algorithms/algorithmic.sty
Package: algorithmic 2009/08/24 v0.1 Document Style `algorithmic'

(/usr/local/texlive/2014/texmf-dist/tex/latex/base/ifthen.sty
Package: ifthen 2001/05/26 v1.1c Standard LaTeX ifthen package (DPC)
)
\c@ALC@unique=\count109
\c@ALC@line=\count110
\c@ALC@rem=\count111
\c@ALC@depth=\count112
\ALC@tlm=\skip58
\algorithmicindent=\skip59
)
(/usr/local/texlive/2014/texmf-dist/tex/latex/algorithms/algorithm.sty
Package: algorithm 2009/08/24 v0.1 Document Style `algorithm' - floating enviro
nment

(/usr/local/texlive/2014/texmf-dist/tex/latex/float/float.sty
Package: float 2001/11/08 v1.3d Float enhancements (AL)
\c@float@type=\count113
\float@exts=\toks31
\float@box=\box30
\@float@everytoks=\toks32
\@floatcapt=\box31
)
\@float@every@algorithm=\toks33
\c@algorithm=\count114
)
(/usr/local/texlive/2014/texmf-dist/tex/latex/caption/caption.sty
Package: caption 2013/05/02 v3.3-89 Customizing captions (AR)

(/usr/local/texlive/2014/texmf-dist/tex/latex/caption/caption3.sty
Package: caption3 2013/05/02 v1.6-88 caption3 kernel (AR)
Package caption3 Info: TeX engine: e-TeX on input line 57.
\captionmargin=\dimen138
\captionmargin@=\dimen139
\captionwidth=\dimen140
\caption@tempdima=\dimen141
\caption@indent=\dimen142
\caption@parindent=\dimen143
\caption@hangindent=\dimen144
Package caption Info: Unknown document class (or package),
(caption)             standard defaults will be used.
)

Package caption Warning: Unsupported document class (or package) detected,
(caption)                usage of the caption package is not recommended.
See the caption package documentation for explanation.

Package caption Info: \@makecaption = \long macro:#1#2->\def \@tempa {figure}\i
fx \@captype \@tempa \if@stage@final \vskip 0.7\abovecaptionskip \else \vskip \
abovecaptionskip \goodbreak \fi \fi {\reset@font \small {\bfseries #1.} #2\par 
}\if@cop@home \ifonline \ifnum \csname c@\@captype \endcsname =1 \immediate \wr
ite \@auxout {\string \gdef \string \@num \@captype {}}\hypertarget {\@captype 
}{}\fi \fi \fi \def \@tempa {table}\ifx \@captype \@tempa \vskip \abovecaptions
kip \if@stage@final \else \goodbreak \fi \fi .
\c@ContinuedFloat=\count115
Package caption Info: float package is loaded.
Package caption Info: supertabular package is loaded.
) (/usr/local/texlive/2014/texmf-dist/tex/latex/subfloat/subfloat.sty
Package: subfloat 2003/08/21 version 2.14

Package `subfloat', Version 2.14 of 2003/08/21.

Package subfloat Warning: Numbers of floats not counted:
(subfloat)                If you use one of the counters subfloatfiguremax or
(subfloat)                subfloattablemax you will get strange error messages
(subfloat)                containing \c@subfloatfiguremax or
(subfloat)                \c@subfloattablemax:
(subfloat)                Please switch on countmax or remove the code using
(subfloat)                the counter then..

) (/usr/local/texlive/2014/texmf-dist/tex/latex/natbib/natbib.sty
Package: natbib 2010/09/13 8.31b (PWD, AO)
\bibhang=\skip60
\bibsep=\skip61
LaTeX Info: Redefining \cite on input line 694.
\c@NAT@ctr=\count116
)
(/usr/local/texlive/2014/texmf-dist/tex/latex/rotating/rotating.sty
Package: rotating 2009/03/28 v2.16a rotated objects in LaTeX
\c@r@tfl@t=\count117
\rotFPtop=\skip62
\rotFPbot=\skip63
\rot@float@box=\box32
\rot@mess@toks=\toks34
)
(/usr/local/texlive/2014/texmf-dist/tex/latex/lineno/lineno.sty
Package: lineno 2005/11/02 line numbers on paragraphs v4.41
\linenopenalty=\count118
\output=\toks35
\linenoprevgraf=\count119
\linenumbersep=\dimen145
\linenumberwidth=\dimen146
\c@linenumber=\count120
\c@pagewiselinenumber=\count121
\c@LN@truepage=\count122
\c@internallinenumber=\count123
\c@internallinenumbers=\count124
\quotelinenumbersep=\dimen147
\bframerule=\dimen148
\bframesep=\dimen149
\bframebox=\box33
LaTeX Info: Redefining \\ on input line 3056.
)
(/usr/local/texlive/2014/texmf-dist/tex/latex/psnfss/times.sty
Package: times 2005/04/12 PSNFSS-v9.2a (SPQR) 
)
(/usr/local/texlive/2014/texmf-dist/tex/latex/psnfss/pifont.sty
Package: pifont 2005/04/12 PSNFSS-v9.2a Pi font support (SPQR) 
LaTeX Font Info:    Try loading font information for U+pzd on input line 63.

(/usr/local/texlive/2014/texmf-dist/tex/latex/psnfss/upzd.fd
File: upzd.fd 2001/06/04 font definitions for U/pzd.
)
LaTeX Font Info:    Try loading font information for U+psy on input line 64.

(/usr/local/texlive/2014/texmf-dist/tex/latex/psnfss/upsy.fd
File: upsy.fd 2001/06/04 font definitions for U/psy.
))
(/usr/local/texlive/2014/texmf-dist/tex/latex/hyperref/hyperref.sty
Package: hyperref 2012/11/06 v6.83m Hypertext links for LaTeX

(/usr/local/texlive/2014/texmf-dist/tex/generic/oberdiek/hobsub-hyperref.sty
Package: hobsub-hyperref 2012/05/28 v1.13 Bundle oberdiek, subset hyperref (HO)


(/usr/local/texlive/2014/texmf-dist/tex/generic/oberdiek/hobsub-generic.sty
Package: hobsub-generic 2012/05/28 v1.13 Bundle oberdiek, subset generic (HO)
Package: hobsub 2012/05/28 v1.13 Construct package bundles (HO)
Package hobsub Info: Skipping package `infwarerr' (already loaded).
Package hobsub Info: Skipping package `ltxcmds' (already loaded).
Package: ifluatex 2010/03/01 v1.3 Provides the ifluatex switch (HO)
Package ifluatex Info: LuaTeX not detected.
Package: ifvtex 2010/03/01 v1.5 Detect VTeX and its facilities (HO)
Package ifvtex Info: VTeX not detected.
Package: intcalc 2007/09/27 v1.1 Expandable calculations with integers (HO)
Package: ifpdf 2011/01/30 v2.3 Provides the ifpdf switch (HO)
Package ifpdf Info: pdfTeX in PDF mode is detected.
Package: etexcmds 2011/02/16 v1.5 Avoid name clashes with e-TeX commands (HO)
Package etexcmds Info: Could not find \expanded.
(etexcmds)             That can mean that you are not using pdfTeX 1.50 or
(etexcmds)             that some package has redefined \expanded.
(etexcmds)             In the latter case, load this package earlier.
Package: kvsetkeys 2012/04/25 v1.16 Key value parser (HO)
Package: kvdefinekeys 2011/04/07 v1.3 Define keys (HO)
Package: pdftexcmds 2011/11/29 v0.20 Utility functions of pdfTeX for LuaTeX (HO
)
Package pdftexcmds Info: LuaTeX not detected.
Package pdftexcmds Info: \pdf@primitive is available.
Package pdftexcmds Info: \pdf@ifprimitive is available.
Package pdftexcmds Info: \pdfdraftmode found.
Package: pdfescape 2011/11/25 v1.13 Implements pdfTeX's escape features (HO)
Package: bigintcalc 2012/04/08 v1.3 Expandable calculations on big integers (HO
)
Package: bitset 2011/01/30 v1.1 Handle bit-vector datatype (HO)
Package: uniquecounter 2011/01/30 v1.2 Provide unlimited unique counter (HO)
)
Package hobsub Info: Skipping package `hobsub' (already loaded).
Package: letltxmacro 2010/09/02 v1.4 Let assignment for LaTeX macros (HO)
Package: hopatch 2012/05/28 v1.2 Wrapper for package hooks (HO)
Package: xcolor-patch 2011/01/30 xcolor patch
Package: atveryend 2011/06/30 v1.8 Hooks at the very end of document (HO)
Package atveryend Info: \enddocument detected (standard20110627).
Package: atbegshi 2011/10/05 v1.16 At begin shipout hook (HO)
Package: refcount 2011/10/16 v3.4 Data extraction from label references (HO)
Package: hycolor 2011/01/30 v1.7 Color options for hyperref/bookmark (HO)
)
(/usr/local/texlive/2014/texmf-dist/tex/generic/ifxetex/ifxetex.sty
Package: ifxetex 2010/09/12 v0.6 Provides ifxetex conditional
)
(/usr/local/texlive/2014/texmf-dist/tex/latex/oberdiek/auxhook.sty
Package: auxhook 2011/03/04 v1.3 Hooks for auxiliary files (HO)
)
(/usr/local/texlive/2014/texmf-dist/tex/latex/oberdiek/kvoptions.sty
Package: kvoptions 2011/06/30 v3.11 Key value format for package options (HO)
)
\@linkdim=\dimen150
\Hy@linkcounter=\count125
\Hy@pagecounter=\count126

(/usr/local/texlive/2014/texmf-dist/tex/latex/hyperref/pd1enc.def
File: pd1enc.def 2012/11/06 v6.83m Hyperref: PDFDocEncoding definition (HO)
Now handling font encoding PD1 ...
... no UTF-8 mapping file for font encoding PD1
)
\Hy@SavedSpaceFactor=\count127

(/usr/local/texlive/2014/texmf-dist/tex/latex/latexconfig/hyperref.cfg
File: hyperref.cfg 2002/06/06 v1.2 hyperref configuration of TeXLive
)
Package hyperref Info: Option `bookmarks' set `false' on input line 4319.
Package hyperref Info: Hyper figures OFF on input line 4443.
Package hyperref Info: Link nesting OFF on input line 4448.
Package hyperref Info: Hyper index ON on input line 4451.
Package hyperref Info: Plain pages OFF on input line 4458.
Package hyperref Info: Backreferencing OFF on input line 4463.
Package hyperref Info: Implicit mode ON; LaTeX internals redefined.
Package hyperref Info: Bookmarks OFF on input line 4694.
\c@Hy@tempcnt=\count128
LaTeX Info: Redefining \url on input line 5041.
\XeTeXLinkMargin=\dimen151
\Fld@menulength=\count129
\Field@Width=\dimen152
\Fld@charsize=\dimen153
Package hyperref Info: Hyper figures OFF on input line 6295.
Package hyperref Info: Link nesting OFF on input line 6300.
Package hyperref Info: Hyper index ON on input line 6303.
Package hyperref Info: backreferencing OFF on input line 6310.
Package hyperref Info: Link coloring OFF on input line 6315.
Package hyperref Info: Link coloring with OCG OFF on input line 6320.
Package hyperref Info: PDF/A mode OFF on input line 6325.
LaTeX Info: Redefining \ref on input line 6365.
LaTeX Info: Redefining \pageref on input line 6369.
\Hy@abspage=\count130
\c@Item=\count131
\c@Hfootnote=\count132
)

Package hyperref Message: Driver (autodetected): hpdftex.

(/usr/local/texlive/2014/texmf-dist/tex/latex/hyperref/hpdftex.def
File: hpdftex.def 2012/11/06 v6.83m Hyperref driver for pdfTeX
\Fld@listcount=\count133
\c@bookmark@seq@number=\count134

(/usr/local/texlive/2014/texmf-dist/tex/latex/oberdiek/rerunfilecheck.sty
Package: rerunfilecheck 2011/04/15 v1.7 Rerun checks for auxiliary files (HO)
Package uniquecounter Info: New unique counter `rerunfilecheck' on input line 2
82.
)
\Hy@SectionHShift=\skip64
)
\c@reaction=\count135
\tabularwidth=\dimen154
Package color Info: Redefining color bgcol on input line 2265.
Package color Info: Redefining color textcol on input line 2269.
Package color Info: Redefining color bgcol on input line 2270.
Package color Info: Redefining color barcol on input line 2271.
)
LaTeX Info: Redefining \vec on input line 80.

(/usr/local/texlive/2014/texmf-dist/tex/generic/ulem/ulem.sty
\UL@box=\box34
\UL@hyphenbox=\box35
\UL@skip=\skip65
\UL@hook=\toks36
\UL@height=\dimen155
\UL@pe=\count136
\UL@pixel=\dimen156
\ULC@box=\box36
Package: ulem 2012/05/18
\ULdepth=\dimen157
)
(./Manuscripts_GMD_ap_ref1-diff.aux)
\openout1 = `Manuscripts_GMD_ap_ref1-diff.aux'.

LaTeX Font Info:    Checking defaults for OML/cmm/m/it on input line 98.
LaTeX Font Info:    ... okay on input line 98.
LaTeX Font Info:    Checking defaults for T1/cmr/m/n on input line 98.
LaTeX Font Info:    ... okay on input line 98.
LaTeX Font Info:    Checking defaults for OT1/cmr/m/n on input line 98.
LaTeX Font Info:    ... okay on input line 98.
LaTeX Font Info:    Checking defaults for OMS/cmsy/m/n on input line 98.
LaTeX Font Info:    ... okay on input line 98.
LaTeX Font Info:    Checking defaults for OMX/cmex/m/n on input line 98.
LaTeX Font Info:    ... okay on input line 98.
LaTeX Font Info:    Checking defaults for U/cmr/m/n on input line 98.
LaTeX Font Info:    ... okay on input line 98.
LaTeX Font Info:    Checking defaults for TS1/cmr/m/n on input line 98.
LaTeX Font Info:    Try loading font information for TS1+cmr on input line 98.

(/usr/local/texlive/2014/texmf-dist/tex/latex/base/ts1cmr.fd
File: ts1cmr.fd 1999/05/25 v2.5h Standard LaTeX font definitions
)
LaTeX Font Info:    ... okay on input line 98.
LaTeX Font Info:    Checking defaults for PD1/pdf/m/n on input line 98.
LaTeX Font Info:    ... okay on input line 98.
LaTeX Font Info:    Try loading font information for T1+ptm on input line 98.

(/usr/local/texlive/2014/texmf-dist/tex/latex/psnfss/t1ptm.fd
File: t1ptm.fd 2001/06/04 font definitions for T1/ptm.
)
(/usr/local/texlive/2014/texmf-dist/tex/context/base/supp-pdf.mkii
[Loading MPS to PDF converter (version 2006.09.02).]
\scratchcounter=\count137
\scratchdimen=\dimen158
\scratchbox=\box37
\nofMPsegments=\count138
\nofMParguments=\count139
\everyMPshowfont=\toks37
\MPscratchCnt=\count140
\MPscratchDim=\dimen159
\MPnumerator=\count141
\makeMPintoPDFobject=\count142
\everyMPtoPDFconversion=\toks38
) (/usr/local/texlive/2014/texmf-dist/tex/latex/oberdiek/epstopdf-base.sty
Package: epstopdf-base 2010/02/09 v2.5 Base part for package epstopdf

(/usr/local/texlive/2014/texmf-dist/tex/latex/oberdiek/grfext.sty
Package: grfext 2010/08/19 v1.1 Manage graphics extensions (HO)
)
Package grfext Info: Graphics extension search list:
(grfext)             [.pdf,.png,.jpg,.eps]
(grfext)             \AppendGraphicsExtensions on input line 452.

(/usr/local/texlive/2014/texmf-dist/tex/latex/latexconfig/epstopdf-sys.cfg
File: epstopdf-sys.cfg 2010/07/13 v1.3 Configuration of (r)epstopdf for TeX Liv
e
))
Package caption Info: Begin \AtBeginDocument code.
Package caption Info: hyperref package is loaded.
Package caption Info: rotating package is loaded.
Package caption Info: End \AtBeginDocument code.
\AtBeginShipoutBox=\box38
Package hyperref Info: Link coloring OFF on input line 98.

(/usr/local/texlive/2014/texmf-dist/tex/latex/hyperref/nameref.sty
Package: nameref 2012/10/27 v2.43 Cross-referencing by name of section

(/usr/local/texlive/2014/texmf-dist/tex/generic/oberdiek/gettitlestring.sty
Package: gettitlestring 2010/12/03 v1.4 Cleanup title references (HO)
)
\c@section@level=\count143
)
LaTeX Info: Redefining \ref on input line 98.
LaTeX Info: Redefining \pageref on input line 98.
LaTeX Info: Redefining \nameref on input line 98.
LaTeX Font Info:    Font shape `T1/ptm/bx/n' in size <17.28> not available
(Font)              Font shape `T1/ptm/b/n' tried instead on input line 131.
LaTeX Font Info:    Try loading font information for U+msa on input line 131.

(/usr/local/texlive/2014/texmf-dist/tex/latex/amsfonts/umsa.fd
File: umsa.fd 2013/01/14 v3.01 AMS symbols A
)
LaTeX Font Info:    Try loading font information for U+msb on input line 131.

(/usr/local/texlive/2014/texmf-dist/tex/latex/amsfonts/umsb.fd
File: umsb.fd 2013/01/14 v3.01 AMS symbols B
)
LaTeX Font Info:    Font shape `T1/ptm/bx/n' in size <10> not available
(Font)              Font shape `T1/ptm/b/n' tried instead on input line 131.
LaTeX Font Info:    Try loading font information for T1+phv on input line 132.

(/usr/local/texlive/2014/texmf-dist/tex/latex/psnfss/t1phv.fd
File: t1phv.fd 2001/06/04 scalable font definitions for T1/phv.
)
LaTeX Font Info:    Font shape `T1/phv/m/n' will be
(Font)              scaled to size 8.54997pt on input line 132.
 [1

{/usr/local/texlive/2014/texmf-var/fonts/map/pdftex/updmap/pdftex.map}] [2] [3]

Overfull \hbox (86.80173pt too wide) in paragraph at lines 204--206
[]|   []   |   []   |   []   |   []   |   []   |   []   |   []   |   []   |   [
]
 []


Overfull \hbox (49.17192pt too wide) in paragraph at lines 204--206
|   []   |   []   |   []   |   []
 []


Overfull \hbox (13.84274pt too wide) in paragraph at lines 204--206
|   []   |   []   |   []   |   []   |   []   |   []
 []


Overfull \hbox (64.23116pt too wide) in paragraph at lines 204--206
|   []   |   []   |   []   |   []   |   []   |   []   |   []   |   []   |   [] 
  |   []   |   []   |   []   |   []   |   []
 []

[4] [5] [6] [7] [8] [9] [10] [11] [12] [13] [14] [15]pdfTeX warning (ext4): des
tination with the same identifier (name{subsection.3.4}) has been already used,
 duplicate ignored
<to be read again> 
                   \relax 
l.582 \DIFdelend \subsection{Time step}
                                        [16]
Overfull \hbox (19.30737pt too wide) in paragraph at lines 615--618
[]|   []   [][]|   []   |   []   |   []   |   []   |   []   |   []   []\T1/ptm/
m/n/10 ([]56[]) []|   []   |   []   |   []   |   []   |   []   |   []   |   [] 
  |   []   |   []   |   []
 []

[17] [18]
Package epstopdf Info: Source file: <Interface.eps>
(epstopdf)                    date: 2017-09-21 15:04:17
(epstopdf)                    size: 277064 bytes
(epstopdf)             Output file: <Interface-eps-converted-to.pdf>
(epstopdf)                    date: 2017-09-21 15:04:17
(epstopdf)                    size: 110560 bytes
(epstopdf)             Command: <repstopdf --outfile=Interface-eps-converted-to
.pdf Interface.eps>
(epstopdf)             \includegraphics on input line 658.
Package epstopdf Info: Output file is already uptodate.
 <Interface-eps-converted-to.pdf, id=465, 658.46pt x 253.94875pt>
File: Interface-eps-converted-to.pdf Graphic file (type pdf)

<use Interface-eps-converted-to.pdf>
Package pdftex.def Info: Interface-eps-converted-to.pdf used on input line 658.

(pdftex.def)             Requested size: 341.43306pt x 131.6821pt.
LaTeX Font Info:    Font shape `T1/ptm/bx/n' in size <9> not available
(Font)              Font shape `T1/ptm/b/n' tried instead on input line 659.

Overfull \hbox (397.64928pt too wide) in paragraph at lines 679--680
|   []   |   []   |   []   |   []   |   []   |   []
 []


Overfull \hbox (4.01141pt too wide) in paragraph at lines 679--680
|   []   |   []   |   []   |   []   |   []   |   []   |   []   |   []   |   [] 
  |   []   |   []   |   []   |   []
 []

[19 <./Interface-eps-converted-to.pdf>] [20] [21] [22] [23] [24] [25]
Package epstopdf Info: Source file: <t120_bc_proc.eps>
(epstopdf)                    date: 2017-09-21 15:04:17
(epstopdf)                    size: 481708 bytes
(epstopdf)             Output file: <t120_bc_proc-eps-converted-to.pdf>
(epstopdf)                    date: 2017-09-21 15:04:17
(epstopdf)                    size: 103583 bytes
(epstopdf)             Command: <repstopdf --outfile=t120_bc_proc-eps-converted
-to.pdf t120_bc_proc.eps>
(epstopdf)             \includegraphics on input line 911.
Package epstopdf Info: Output file is already uptodate.

<t120_bc_proc-eps-converted-to.pdf, id=651, 2176.13pt x 687.56876pt>
File: t120_bc_proc-eps-converted-to.pdf Graphic file (type pdf)

<use t120_bc_proc-eps-converted-to.pdf>
Package pdftex.def Info: t120_bc_proc-eps-converted-to.pdf used on input line 9
11.
(pdftex.def)             Requested size: 512.1496pt x 161.81998pt.

Overfull \hbox (8.53583pt too wide) in paragraph at lines 911--912
 [][] 
 []


Overfull \hbox (159.23045pt too wide) in paragraph at lines 917--918
\T1/ptm/m/n/10 them fo-cus on neigh-bor []|   []   [][]|   []   []al-go-rithm a
nd dy-namic load bal-anc-ing []|   [][][]|   []
 []

[26]
Overfull \hbox (4.27106pt too wide) in paragraph at lines 926--930
[]\T1/ptm/m/n/10 More de-tails about the data struc-ture, do-main de-com-po-si-
tion, load bal-anc-ing[]|   []   |   []   |   []   |   []   |   []   |   []   |
   []
 []

Package epstopdf Info: Source file: <strong.eps>
(epstopdf)                    date: 2017-09-21 15:04:17
(epstopdf)                    size: 18432 bytes
(epstopdf)             Output file: <strong-eps-converted-to.pdf>
(epstopdf)                    date: 2017-09-21 15:04:17
(epstopdf)                    size: 8607 bytes
(epstopdf)             Command: <repstopdf --outfile=strong-eps-converted-to.pd
f strong.eps>
(epstopdf)             \includegraphics on input line 939.
Package epstopdf Info: Output file is already uptodate.
<strong-eps-converted-to.pdf, id=682, 449.68pt x 311.1625pt>
File: strong-eps-converted-to.pdf Graphic file (type pdf)

<use strong-eps-converted-to.pdf>
Package pdftex.def Info: strong-eps-converted-to.pdf used on input line 939.
(pdftex.def)             Requested size: 202.35413pt x 140.02182pt.
Package epstopdf Info: Source file: <weak_scale.eps>
(epstopdf)                    date: 2017-09-21 15:04:18
(epstopdf)                    size: 90414 bytes
(epstopdf)             Output file: <weak_scale-eps-converted-to.pdf>
(epstopdf)                    date: 2017-09-21 15:04:18
(epstopdf)                    size: 11004 bytes
(epstopdf)             Command: <repstopdf --outfile=weak_scale-eps-converted-t
o.pdf weak_scale.eps>
(epstopdf)             \includegraphics on input line 952.
Package epstopdf Info: Output file is already uptodate.

<weak_scale-eps-converted-to.pdf, id=683, 450.68375pt x 312.16624pt>
File: weak_scale-eps-converted-to.pdf Graphic file (type pdf)

<use weak_scale-eps-converted-to.pdf>
Package pdftex.def Info: weak_scale-eps-converted-to.pdf used on input line 952
.
(pdftex.def)             Requested size: 202.8058pt x 140.47351pt.
Package epstopdf Info: Source file: <adj_vs_no.eps>
(epstopdf)                    date: 2017-09-21 15:04:17
(epstopdf)                    size: 84903 bytes
(epstopdf)             Output file: <adj_vs_no-eps-converted-to.pdf>
(epstopdf)                    date: 2017-09-21 15:04:17
(epstopdf)                    size: 9379 bytes
(epstopdf)             Command: <repstopdf --outfile=adj_vs_no-eps-converted-to
.pdf adj_vs_no.eps>
(epstopdf)             \includegraphics on input line 974.
Package epstopdf Info: Output file is already uptodate.

<adj_vs_no-eps-converted-to.pdf, id=684, 456.70625pt x 309.155pt>
File: adj_vs_no-eps-converted-to.pdf Graphic file (type pdf)

<use adj_vs_no-eps-converted-to.pdf>
Package pdftex.def Info: adj_vs_no-eps-converted-to.pdf used on input line 974.

(pdftex.def)             Requested size: 159.84958pt x 108.20586pt.

Overfull \hbox (52.1614pt too wide) in paragraph at lines 979--980
\T1/ptm/m/n/10 each node. The ini-tial do-main is []|   [][][]|   [][].
 []

[27 <./t120_bc_proc-eps-converted-to.pdf>]
Overfull \hbox (65.79802pt too wide) in paragraph at lines 981--985
\T1/ptm/m/n/10 plume fi-nally reaches to a re-gion of []|   []   [][]|   []
 []

[28 <./strong-eps-converted-to.pdf> <./weak_scale-eps-converted-to.pdf> <./adj_
vs_no-eps-converted-to.pdf>]
Package epstopdf Info: Source file: <./GSPH-Sod-verification-e.eps>
(epstopdf)                    date: 2017-09-21 15:04:17
(epstopdf)                    size: 191784 bytes
(epstopdf)             Output file: <./GSPH-Sod-verification-e-eps-converted-to
.pdf>
(epstopdf)                    date: 2017-09-21 15:04:17
(epstopdf)                    size: 30661 bytes
(epstopdf)             Command: <repstopdf --outfile=./GSPH-Sod-verification-e-
eps-converted-to.pdf ./GSPH-Sod-verification-e.eps>
(epstopdf)             \includegraphics on input line 1017.
Package epstopdf Info: Output file is already uptodate.

<./GSPH-Sod-verification-e-eps-converted-to.pdf, id=743, 1445.4pt x 749.80125pt
>
File: ./GSPH-Sod-verification-e-eps-converted-to.pdf Graphic file (type pdf)
 <use ./GSPH-Sod-verification-e-eps-converted-to.pdf>
Package pdftex.def Info: ./GSPH-Sod-verification-e-eps-converted-to.pdf used on
 input line 1017.
(pdftex.def)             Requested size: 162.0371pt x 84.0458pt.
Package epstopdf Info: Source file: <./Sod-verification-e.eps>
(epstopdf)                    date: 2017-09-21 15:04:17
(epstopdf)                    size: 189369 bytes
(epstopdf)             Output file: <./Sod-verification-e-eps-converted-to.pdf>

(epstopdf)                    date: 2017-09-21 15:04:17
(epstopdf)                    size: 30688 bytes
(epstopdf)             Command: <repstopdf --outfile=./Sod-verification-e-eps-c
onverted-to.pdf ./Sod-verification-e.eps>
(epstopdf)             \includegraphics on input line 1021.
Package epstopdf Info: Output file is already uptodate.

<./Sod-verification-e-eps-converted-to.pdf, id=744, 1445.4pt x 749.80125pt>
File: ./Sod-verification-e-eps-converted-to.pdf Graphic file (type pdf)

<use ./Sod-verification-e-eps-converted-to.pdf>
Package pdftex.def Info: ./Sod-verification-e-eps-converted-to.pdf used on inpu
t line 1021.
(pdftex.def)             Requested size: 162.0371pt x 84.0458pt.
Package epstopdf Info: Source file: <./d-exp-verification-e.eps>
(epstopdf)                    date: 2017-09-21 15:04:17
(epstopdf)                    size: 187542 bytes
(epstopdf)             Output file: <./d-exp-verification-e-eps-converted-to.pd
f>
(epstopdf)                    date: 2017-09-21 15:04:17
(epstopdf)                    size: 37104 bytes
(epstopdf)             Command: <repstopdf --outfile=./d-exp-verification-e-eps
-converted-to.pdf ./d-exp-verification-e.eps>
(epstopdf)             \includegraphics on input line 1025.
Package epstopdf Info: Output file is already uptodate.

<./d-exp-verification-e-eps-converted-to.pdf, id=745, 1445.4pt x 749.80125pt>
File: ./d-exp-verification-e-eps-converted-to.pdf Graphic file (type pdf)

<use ./d-exp-verification-e-eps-converted-to.pdf>
Package pdftex.def Info: ./d-exp-verification-e-eps-converted-to.pdf used on in
put line 1025.
(pdftex.def)             Requested size: 162.0371pt x 84.0458pt.

Overfull \hbox (129.57027pt too wide) in paragraph at lines 1032--1033
[]|   []   [] []|   [][]\T1/ptm/m/n/10 that
 []

[29]
Package epstopdf Info: Source file: <vel_cross.eps>
(epstopdf)                    date: 2017-09-21 15:04:18
(epstopdf)                    size: 37985 bytes
(epstopdf)             Output file: <vel_cross-eps-converted-to.pdf>
(epstopdf)                    date: 2017-09-21 22:59:35
(epstopdf)                    size: 11861 bytes
(epstopdf)             Command: <repstopdf --outfile=vel_cross-eps-converted-to
.pdf vel_cross.eps>
(epstopdf)             \includegraphics on input line 1071.
Package epstopdf Info: Output file is already uptodate.
 <vel_cross-eps-converted-to.pdf, id=779, 431.6125pt x 320.19624pt>
File: vel_cross-eps-converted-to.pdf Graphic file (type pdf)

<use vel_cross-eps-converted-to.pdf>
Package pdftex.def Info: vel_cross-eps-converted-to.pdf used on input line 1071
.
(pdftex.def)             Requested size: 227.62204pt x 168.86284pt.

Overfull \hbox (13.58466pt too wide) in paragraph at lines 1071--1080
 [][] 
 []

Package epstopdf Info: Source file: <conc_cross.eps>
(epstopdf)                    date: 2017-09-21 15:04:17
(epstopdf)                    size: 38197 bytes
(epstopdf)             Output file: <conc_cross-eps-converted-to.pdf>
(epstopdf)                    date: 2017-09-21 15:04:17
(epstopdf)                    size: 11745 bytes
(epstopdf)             Command: <repstopdf --outfile=conc_cross-eps-converted-t
o.pdf conc_cross.eps>
(epstopdf)             \includegraphics on input line 1083.
Package epstopdf Info: Output file is already uptodate.
<conc_cross-eps-converted-to.pdf, id=780, 432.61626pt x 318.18875pt>
File: conc_cross-eps-converted-to.pdf Graphic file (type pdf)

<use conc_cross-eps-converted-to.pdf>
Package pdftex.def Info: conc_cross-eps-converted-to.pdf used on input line 108
3.
(pdftex.def)             Requested size: 227.62204pt x 167.41573pt.

Overfull \hbox (16.58162pt too wide) in paragraph at lines 1083--1084
 [][]\T1/ptm/m/n/9 ] 
 []

Package epstopdf Info: Source file: <velo_along_axis.eps>
(epstopdf)                    date: 2017-09-21 15:04:18
(epstopdf)                    size: 23736 bytes
(epstopdf)             Output file: <velo_along_axis-eps-converted-to.pdf>
(epstopdf)                    date: 2017-09-21 15:04:18
(epstopdf)                    size: 9891 bytes
(epstopdf)             Command: <repstopdf --outfile=velo_along_axis-eps-conver
ted-to.pdf velo_along_axis.eps>
(epstopdf)             \includegraphics on input line 1097.
Package epstopdf Info: Output file is already uptodate.
<velo_along_axis-eps-converted-to.pdf, id=781, 396.48125pt x 239.89626pt>
File: velo_along_axis-eps-converted-to.pdf Graphic file (type pdf)

<use velo_along_axis-eps-converted-to.pdf>
Package pdftex.def Info: velo_along_axis-eps-converted-to.pdf used on input lin
e 1097.
(pdftex.def)             Requested size: 227.62204pt x 137.72696pt.

Overfull \hbox (13.58466pt too wide) in paragraph at lines 1097--1106
 [][] 
 []

Package epstopdf Info: Source file: <conc_along_axis.eps>
(epstopdf)                    date: 2017-09-21 15:04:17
(epstopdf)                    size: 21411 bytes
(epstopdf)             Output file: <conc_along_axis-eps-converted-to.pdf>
(epstopdf)                    date: 2017-09-21 15:04:17
(epstopdf)                    size: 9708 bytes
(epstopdf)             Command: <repstopdf --outfile=conc_along_axis-eps-conver
ted-to.pdf conc_along_axis.eps>
(epstopdf)             \includegraphics on input line 1109.
Package epstopdf Info: Output file is already uptodate.
<conc_along_axis-eps-converted-to.pdf, id=782, 401.5pt x 221.82875pt>
File: conc_along_axis-eps-converted-to.pdf Graphic file (type pdf)

<use conc_along_axis-eps-converted-to.pdf>
Package pdftex.def Info: conc_along_axis-eps-converted-to.pdf used on input lin
e 1109.
(pdftex.def)             Requested size: 227.62204pt x 125.76334pt.

Overfull \hbox (13.58466pt too wide) in paragraph at lines 1109--1110
 [][] 
 []

[30 <./GSPH-Sod-verification-e-eps-converted-to.pdf> <./Sod-verification-e-eps-
converted-to.pdf> <./d-exp-verification-e-eps-converted-to.pdf>] [31 <./vel_cro
ss-eps-converted-to.pdf> <./conc_cross-eps-converted-to.pdf> <./velo_along_axis
-eps-converted-to.pdf> <./conc_along_axis-eps-converted-to.pdf>]
Overfull \hbox (4.84972pt too wide) in paragraph at lines 1161--1166
[]|   []   []$\OML/cmm/m/it/10 '$ \T1/ptm/m/n/10 is ei-ther ve-loc-ity or con-c
en-tra-tion, the sub-script $\OML/cmm/m/it/10 c$ \T1/ptm/m/n/10 rep-re-sents th
e cen-tre-line[]|   []   |   []   |   []   |   []   |   []   |   []
 []

<JPUE_entrainment.png, id=879, 712.37572pt x 572.60077pt>
File: JPUE_entrainment.png Graphic file (type png)

<use JPUE_entrainment.png>
Package pdftex.def Info: JPUE_entrainment.png used on input line 1188.
(pdftex.def)             Requested size: 227.62204pt x 182.95639pt.
 [32]
<./mssfrc-Diverging.png, id=902, 915.42pt x 796.9775pt>
File: ./mssfrc-Diverging.png Graphic file (type png)

<use ./mssfrc-Diverging.png>
Package pdftex.def Info: ./mssfrc-Diverging.png used on input line 1243.
(pdftex.def)             Requested size: 224.35963pt x 195.32808pt.

<./mssfrc-Diverging-cut.png, id=903, 915.42pt x 796.9775pt>
File: ./mssfrc-Diverging-cut.png Graphic file (type png)

<use ./mssfrc-Diverging-cut.png>
Package pdftex.def Info: ./mssfrc-Diverging-cut.png used on input line 1247.
(pdftex.def)             Requested size: 224.35963pt x 195.32808pt.
Package epstopdf Info: Source file: <./gmd-mssfrc-yz.eps>
(epstopdf)                    date: 2017-09-21 15:04:17
(epstopdf)                    size: 1207711 bytes
(epstopdf)             Output file: <./gmd-mssfrc-yz-eps-converted-to.pdf>
(epstopdf)                    date: 2017-09-21 15:04:17
(epstopdf)                    size: 1205539 bytes
(epstopdf)             Command: <repstopdf --outfile=./gmd-mssfrc-yz-eps-conver
ted-to.pdf ./gmd-mssfrc-yz.eps>
(epstopdf)             \includegraphics on input line 1252.
Package epstopdf Info: Output file is already uptodate.

<./gmd-mssfrc-yz-eps-converted-to.pdf, id=904, 926.46124pt x 746.79pt>
File: ./gmd-mssfrc-yz-eps-converted-to.pdf Graphic file (type pdf)

<use ./gmd-mssfrc-yz-eps-converted-to.pdf>
Package pdftex.def Info: ./gmd-mssfrc-yz-eps-converted-to.pdf used on input lin
e 1252.
(pdftex.def)             Requested size: 224.35963pt x 180.83997pt.
Package epstopdf Info: Source file: <./gmd-mssfrc-yz-zoomed.eps>
(epstopdf)                    date: 2017-09-21 15:04:17
(epstopdf)                    size: 129495 bytes
(epstopdf)             Output file: <./gmd-mssfrc-yz-zoomed-eps-converted-to.pd
f>
(epstopdf)                    date: 2017-09-21 15:04:17
(epstopdf)                    size: 135807 bytes
(epstopdf)             Command: <repstopdf --outfile=./gmd-mssfrc-yz-zoomed-eps
-converted-to.pdf ./gmd-mssfrc-yz-zoomed.eps>
(epstopdf)             \includegraphics on input line 1256.
Package epstopdf Info: Output file is already uptodate.

<./gmd-mssfrc-yz-zoomed-eps-converted-to.pdf, id=905, 926.46124pt x 746.79pt>
File: ./gmd-mssfrc-yz-zoomed-eps-converted-to.pdf Graphic file (type pdf)

<use ./gmd-mssfrc-yz-zoomed-eps-converted-to.pdf>
Package pdftex.def Info: ./gmd-mssfrc-yz-zoomed-eps-converted-to.pdf used on in
put line 1256.
(pdftex.def)             Requested size: 224.35963pt x 180.83997pt.
 [33 <./JPUE_entrainment.png (PNG copy)>]
Package epstopdf Info: Source file: <Temp.eps>
(epstopdf)                    date: 2017-09-21 15:04:17
(epstopdf)                    size: 94549 bytes
(epstopdf)             Output file: <Temp-eps-converted-to.pdf>
(epstopdf)                    date: 2017-09-21 15:04:17
(epstopdf)                    size: 16100 bytes
(epstopdf)             Command: <repstopdf --outfile=Temp-eps-converted-to.pdf 
Temp.eps>
(epstopdf)             \includegraphics on input line 1286.
Package epstopdf Info: Output file is already uptodate.
 <Temp-eps-converted-to.pdf, id=919, 470.75874pt x 345.29pt>
File: Temp-eps-converted-to.pdf Graphic file (type pdf)

<use Temp-eps-converted-to.pdf>
Package pdftex.def Info: Temp-eps-converted-to.pdf used on input line 1286.
(pdftex.def)             Requested size: 199.16928pt x 146.08507pt.
Package epstopdf Info: Source file: <msfrac.eps>
(epstopdf)                    date: 2017-09-21 15:04:17
(epstopdf)                    size: 145722 bytes
(epstopdf)             Output file: <msfrac-eps-converted-to.pdf>
(epstopdf)                    date: 2017-09-21 15:04:17
(epstopdf)                    size: 30030 bytes
(epstopdf)             Command: <repstopdf --outfile=msfrac-eps-converted-to.pd
f msfrac.eps>
(epstopdf)             \includegraphics on input line 1292.
Package epstopdf Info: Output file is already uptodate.

<msfrac-eps-converted-to.pdf, id=920, 1441.385pt x 505.89pt>
File: msfrac-eps-converted-to.pdf Graphic file (type pdf)

<use msfrac-eps-converted-to.pdf>
Package pdftex.def Info: msfrac-eps-converted-to.pdf used on input line 1292.
(pdftex.def)             Requested size: 426.79134pt x 149.79204pt.
 [34pdfTeX warning (ext4): destination with the same identifier (name{subsubsec
tion.4.3.2}) has been already used, duplicate ignored

\AtBegShi@Output ...ipout \box \AtBeginShipoutBox 
                                                  \fi \fi 
l.1321 }\end{equation}
                      ] [35 <./mssfrc-Diverging.png (PNG copy)> <./mssfrc-Diver
ging-cut.png (PNG copy)> <./gmd-mssfrc-yz-eps-converted-to.pdf> <./gmd-mssfrc-y
z-zoomed-eps-converted-to.pdf>]
Package epstopdf Info: Source file: <density_strong.eps>
(epstopdf)                    date: 2017-09-21 15:04:17
(epstopdf)                    size: 93635 bytes
(epstopdf)             Output file: <density_strong-eps-converted-to.pdf>
(epstopdf)                    date: 2017-09-21 15:04:17
(epstopdf)                    size: 15503 bytes
(epstopdf)             Command: <repstopdf --outfile=density_strong-eps-convert
ed-to.pdf density_strong.eps>
(epstopdf)             \includegraphics on input line 1353.
Package epstopdf Info: Output file is already uptodate.

<density_strong-eps-converted-to.pdf, id=954, 470.75874pt x 345.29pt>
File: density_strong-eps-converted-to.pdf Graphic file (type pdf)

<use density_strong-eps-converted-to.pdf>
Package pdftex.def Info: density_strong-eps-converted-to.pdf used on input line
 1353.
(pdftex.def)             Requested size: 199.16928pt x 146.08507pt.
Package epstopdf Info: Source file: <radius_strong.eps>
(epstopdf)                    date: 2017-09-21 15:04:17
(epstopdf)                    size: 96209 bytes
(epstopdf)             Output file: <radius_strong-eps-converted-to.pdf>
(epstopdf)                    date: 2017-09-21 15:04:17
(epstopdf)                    size: 16144 bytes
(epstopdf)             Command: <repstopdf --outfile=radius_strong-eps-converte
d-to.pdf radius_strong.eps>
(epstopdf)             \includegraphics on input line 1359.
Package epstopdf Info: Output file is already uptodate.

<radius_strong-eps-converted-to.pdf, id=955, 467.7475pt x 346.29375pt>
File: radius_strong-eps-converted-to.pdf Graphic file (type pdf)

<use radius_strong-eps-converted-to.pdf>
Package pdftex.def Info: radius_strong-eps-converted-to.pdf used on input line 
1359.
(pdftex.def)             Requested size: 199.16928pt x 147.45558pt.
 [36 <./Temp-eps-converted-to.pdf> <./msfrac-eps-converted-to.pdf>] [37 <./dens
ity_strong-eps-converted-to.pdf> <./radius_strong-eps-converted-to.pdf>]
Package epstopdf Info: Source file: <./Project1.eps>
(epstopdf)                    date: 2017-09-21 15:04:17
(epstopdf)                    size: 490588 bytes
(epstopdf)             Output file: <./Project1-eps-converted-to.pdf>
(epstopdf)                    date: 2017-09-21 15:04:17
(epstopdf)                    size: 107677 bytes
(epstopdf)             Command: <repstopdf --outfile=./Project1-eps-converted-t
o.pdf ./Project1.eps>
(epstopdf)             \includegraphics on input line 1406.
Package epstopdf Info: Output file is already uptodate.

<./Project1-eps-converted-to.pdf, id=1020, 482.80376pt x 455.7025pt>
File: ./Project1-eps-converted-to.pdf Graphic file (type pdf)

<use ./Project1-eps-converted-to.pdf>
Package pdftex.def Info: ./Project1-eps-converted-to.pdf used on input line 140
6.
(pdftex.def)             Requested size: 147.30463pt x 139.03424pt.
Package epstopdf Info: Source file: <./Project2.eps>
(epstopdf)                    date: 2017-09-21 15:04:17
(epstopdf)                    size: 620325 bytes
(epstopdf)             Output file: <./Project2-eps-converted-to.pdf>
(epstopdf)                    date: 2017-09-21 15:04:17
(epstopdf)                    size: 126848 bytes
(epstopdf)             Command: <repstopdf --outfile=./Project2-eps-converted-t
o.pdf ./Project2.eps>
(epstopdf)             \includegraphics on input line 1410.
Package epstopdf Info: Output file is already uptodate.

<./Project2-eps-converted-to.pdf, id=1021, 482.80376pt x 455.7025pt>
File: ./Project2-eps-converted-to.pdf Graphic file (type pdf)

<use ./Project2-eps-converted-to.pdf>
Package pdftex.def Info: ./Project2-eps-converted-to.pdf used on input line 141
0.
(pdftex.def)             Requested size: 147.30463pt x 139.03424pt.
Package epstopdf Info: Source file: <./Project3.eps>
(epstopdf)                    date: 2017-09-21 15:04:17
(epstopdf)                    size: 623258 bytes
(epstopdf)             Output file: <./Project3-eps-converted-to.pdf>
(epstopdf)                    date: 2017-09-21 15:04:17
(epstopdf)                    size: 127790 bytes
(epstopdf)             Command: <repstopdf --outfile=./Project3-eps-converted-t
o.pdf ./Project3.eps>
(epstopdf)             \includegraphics on input line 1414.
Package epstopdf Info: Output file is already uptodate.

<./Project3-eps-converted-to.pdf, id=1022, 482.80376pt x 455.7025pt>
File: ./Project3-eps-converted-to.pdf Graphic file (type pdf)

<use ./Project3-eps-converted-to.pdf>
Package pdftex.def Info: ./Project3-eps-converted-to.pdf used on input line 141
4.
(pdftex.def)             Requested size: 147.30463pt x 139.03424pt.
 [38pdfTeX warning (ext4): destination with the same identifier (name{appendix.
A}) has been already used, duplicate ignored

\AtBegShi@Output ...ipout \box \AtBeginShipoutBox 
                                                  \fi \fi 
l.1421 }\begin{itemize}
                       ] [39 <./Project1-eps-converted-to.pdf> <./Project2-eps-
converted-to.pdf> <./Project3-eps-converted-to.pdf>]
(./Manuscripts_GMD_ap_ref1-diff.bbl [40

] [41] [42] [43]) [44]
Package atveryend Info: Empty hook `BeforeClearDocument' on input line 1598.
Package atveryend Info: Empty hook `AfterLastShipout' on input line 1598.

(./Manuscripts_GMD_ap_ref1-diff.aux)
Package atveryend Info: Executing hook `AtVeryEndDocument' on input line 1598.
Package atveryend Info: Empty hook `AtEndAfterFileList' on input line 1598.
Package atveryend Info: Empty hook `AtVeryVeryEnd' on input line 1598.
 ) 
Here is how much of TeX's memory you used:
 11158 strings out of 493117
 164279 string characters out of 6135433
 324307 words of memory out of 5000000
 14079 multiletter control sequences out of 15000+600000
 54237 words of font info for 86 fonts, out of 8000000 for 9000
 1141 hyphenation exceptions out of 8191
 43i,19n,40p,1981b,673s stack positions out of 5000i,500n,10000p,200000b,80000s
{/usr/local/texlive/2014/texmf-dist/fonts/enc/dvips/base/8r.enc}</usr/local/t
exlive/2014/texmf-dist/fonts/type1/public/amsfonts/cm/cmbsy10.pfb></usr/local/t
exlive/2014/texmf-dist/fonts/type1/public/amsfonts/cm/cmex10.pfb></usr/local/te
xlive/2014/texmf-dist/fonts/type1/public/amsfonts/cm/cmmi10.pfb></usr/local/tex
live/2014/texmf-dist/fonts/type1/public/amsfonts/cm/cmmi5.pfb></usr/local/texli
ve/2014/texmf-dist/fonts/type1/public/amsfonts/cm/cmmi6.pfb></usr/local/texlive
/2014/texmf-dist/fonts/type1/public/amsfonts/cm/cmmi7.pfb></usr/local/texlive/2
014/texmf-dist/fonts/type1/public/amsfonts/cm/cmmi9.pfb></usr/local/texlive/201
4/texmf-dist/fonts/type1/public/amsfonts/cm/cmmib10.pfb></usr/local/texlive/201
4/texmf-dist/fonts/type1/public/amsfonts/cm/cmr10.pfb></usr/local/texlive/2014/
texmf-dist/fonts/type1/public/amsfonts/cm/cmr5.pfb></usr/local/texlive/2014/tex
mf-dist/fonts/type1/public/amsfonts/cm/cmr6.pfb></usr/local/texlive/2014/texmf-
dist/fonts/type1/public/amsfonts/cm/cmr7.pfb></usr/local/texlive/2014/texmf-dis
t/fonts/type1/public/amsfonts/cm/cmr9.pfb></usr/local/texlive/2014/texmf-dist/f
onts/type1/public/amsfonts/cm/cmsy10.pfb></usr/local/texlive/2014/texmf-dist/fo
nts/type1/public/amsfonts/cm/cmsy6.pfb></usr/local/texlive/2014/texmf-dist/font
s/type1/public/amsfonts/cm/cmsy7.pfb></usr/local/texlive/2014/texmf-dist/fonts/
type1/public/amsfonts/cm/cmsy9.pfb></usr/local/texlive/2014/texmf-dist/fonts/ty
pe1/public/amsfonts/latxfont/lasy6.pfb></usr/local/texlive/2014/texmf-dist/font
s/type1/urw/helvetic/uhvr8a.pfb></usr/local/texlive/2014/texmf-dist/fonts/type1
/urw/times/utmb8a.pfb></usr/local/texlive/2014/texmf-dist/fonts/type1/urw/times
/utmr8a.pfb></usr/local/texlive/2014/texmf-dist/fonts/type1/urw/times/utmri8a.p
fb>
Output written on Manuscripts_GMD_ap_ref1-diff.pdf (44 pages, 3093644 bytes).
PDF statistics:
 1212 PDF objects out of 1440 (max. 8388607)
 1068 compressed objects within 11 object streams
 295 named destinations out of 1000 (max. 500000)
 121 words of extra memory for PDF output out of 10000 (max. 10000000)

