This is pdfTeX, Version 3.14159265-2.6-1.40.15 (TeX Live 2014) (preloaded format=pdflatex 2014.5.25)  14 JUL 2017 10:31
entering extended mode
 restricted \write18 enabled.
 %&-line parsing enabled.
**main.tex
(./main.tex
LaTeX2e <2014/05/01>
Babel <3.9k> and hyphenation patterns for 78 languages loaded.
(/usr/local/texlive/2014/texmf-dist/tex/latex/beamer/beamer.cls
(/usr/local/texlive/2014/texmf-dist/tex/latex/beamer/beamerbasercs.sty
Package: beamerbasercs 2013/12/25 (rcs-revision 31cc758a62ae)
)
Document Class: beamer 2013/12/02 3.33 A class for typesetting presentations (r
cs-revision 332bfd3ce558)
(/usr/local/texlive/2014/texmf-dist/tex/latex/beamer/beamerbasemodes.sty
Package: beamerbasemodes 2013/09/03 (rcs-revision 768f2d98ca64)
\beamer@tempbox=\box26
\beamer@tempcount=\count79
\c@beamerpauses=\count80

(/usr/local/texlive/2014/texmf-dist/tex/latex/beamer/beamerbasedecode.sty
Package: beamerbasedecode 2010/05/01 (rcs-revision efa082c6111d)
\beamer@slideinframe=\count81
\beamer@minimum=\count82
)
\beamer@commentbox=\box27
\beamer@modecount=\count83
)
(/usr/local/texlive/2014/texmf-dist/tex/generic/oberdiek/ifpdf.sty
Package: ifpdf 2011/01/30 v2.3 Provides the ifpdf switch (HO)
Package ifpdf Info: pdfTeX in PDF mode is detected.
)
\headheight=\dimen102
\headdp=\dimen103
\footheight=\dimen104
\sidebarheight=\dimen105
\beamer@tempdim=\dimen106
\beamer@finalheight=\dimen107
\beamer@animht=\dimen108
\beamer@animdp=\dimen109
\beamer@animwd=\dimen110
\beamer@leftmargin=\dimen111
\beamer@rightmargin=\dimen112
\beamer@leftsidebar=\dimen113
\beamer@rightsidebar=\dimen114
\beamer@boxsize=\dimen115
\beamer@vboxoffset=\dimen116
\beamer@descdefault=\dimen117
\beamer@descriptionwidth=\dimen118
\beamer@lastskip=\skip41
\beamer@areabox=\box28
\beamer@animcurrent=\box29
\beamer@animshowbox=\box30
\beamer@sectionbox=\box31
\beamer@logobox=\box32
\beamer@linebox=\box33
\beamer@sectioncount=\count84
\beamer@subsubsectionmax=\count85
\beamer@subsectionmax=\count86
\beamer@sectionmax=\count87
\beamer@totalheads=\count88
\beamer@headcounter=\count89
\beamer@partstartpage=\count90
\beamer@sectionstartpage=\count91
\beamer@subsectionstartpage=\count92
\beamer@animationtempa=\count93
\beamer@animationtempb=\count94
\beamer@xpos=\count95
\beamer@ypos=\count96
\beamer@showpartnumber=\count97
\beamer@currentsubsection=\count98
\beamer@coveringdepth=\count99
\beamer@sectionadjust=\count100
\beamer@tocsectionnumber=\count101

(/usr/local/texlive/2014/texmf-dist/tex/latex/beamer/beamerbaseoptions.sty
Package: beamerbaseoptions 2013/03/10 (rcs-revision 47431932db0d)

(/usr/local/texlive/2014/texmf-dist/tex/latex/graphics/keyval.sty
Package: keyval 2014/05/08 v1.15 key=value parser (DPC)
\KV@toks@=\toks14
))
\beamer@paperwidth=\skip42
\beamer@paperheight=\skip43

(/usr/local/texlive/2014/texmf-dist/tex/latex/geometry/geometry.sty
Package: geometry 2010/09/12 v5.6 Page Geometry

(/usr/local/texlive/2014/texmf-dist/tex/generic/oberdiek/ifvtex.sty
Package: ifvtex 2010/03/01 v1.5 Detect VTeX and its facilities (HO)
Package ifvtex Info: VTeX not detected.
)
(/usr/local/texlive/2014/texmf-dist/tex/generic/ifxetex/ifxetex.sty
Package: ifxetex 2010/09/12 v0.6 Provides ifxetex conditional
)
\Gm@cnth=\count102
\Gm@cntv=\count103
\c@Gm@tempcnt=\count104
\Gm@bindingoffset=\dimen119
\Gm@wd@mp=\dimen120
\Gm@odd@mp=\dimen121
\Gm@even@mp=\dimen122
\Gm@layoutwidth=\dimen123
\Gm@layoutheight=\dimen124
\Gm@layouthoffset=\dimen125
\Gm@layoutvoffset=\dimen126
\Gm@dimlist=\toks15
)
(/usr/local/texlive/2014/texmf-dist/tex/latex/base/size11.clo
File: size11.clo 2007/10/19 v1.4h Standard LaTeX file (size option)
)
(/usr/local/texlive/2014/texmf-dist/tex/latex/pgf/basiclayer/pgfcore.sty
(/usr/local/texlive/2014/texmf-dist/tex/latex/graphics/graphicx.sty
Package: graphicx 2014/04/25 v1.0g Enhanced LaTeX Graphics (DPC,SPQR)

(/usr/local/texlive/2014/texmf-dist/tex/latex/graphics/graphics.sty
Package: graphics 2009/02/05 v1.0o Standard LaTeX Graphics (DPC,SPQR)

(/usr/local/texlive/2014/texmf-dist/tex/latex/graphics/trig.sty
Package: trig 1999/03/16 v1.09 sin cos tan (DPC)
)
(/usr/local/texlive/2014/texmf-dist/tex/latex/latexconfig/graphics.cfg
File: graphics.cfg 2010/04/23 v1.9 graphics configuration of TeX Live
)
Package graphics Info: Driver file: pdftex.def on input line 91.

(/usr/local/texlive/2014/texmf-dist/tex/latex/pdftex-def/pdftex.def
File: pdftex.def 2011/05/27 v0.06d Graphics/color for pdfTeX

(/usr/local/texlive/2014/texmf-dist/tex/generic/oberdiek/infwarerr.sty
Package: infwarerr 2010/04/08 v1.3 Providing info/warning/error messages (HO)
)
(/usr/local/texlive/2014/texmf-dist/tex/generic/oberdiek/ltxcmds.sty
Package: ltxcmds 2011/11/09 v1.22 LaTeX kernel commands for general use (HO)
)
\Gread@gobject=\count105
))
\Gin@req@height=\dimen127
\Gin@req@width=\dimen128
)
(/usr/local/texlive/2014/texmf-dist/tex/latex/pgf/systemlayer/pgfsys.sty
(/usr/local/texlive/2014/texmf-dist/tex/latex/pgf/utilities/pgfrcs.sty
(/usr/local/texlive/2014/texmf-dist/tex/generic/pgf/utilities/pgfutil-common.te
x
\pgfutil@everybye=\toks16
\pgfutil@tempdima=\dimen129
\pgfutil@tempdimb=\dimen130

(/usr/local/texlive/2014/texmf-dist/tex/generic/pgf/utilities/pgfutil-common-li
sts.tex))
(/usr/local/texlive/2014/texmf-dist/tex/generic/pgf/utilities/pgfutil-latex.def
\pgfutil@abb=\box34
(/usr/local/texlive/2014/texmf-dist/tex/latex/ms/everyshi.sty
Package: everyshi 2001/05/15 v3.00 EveryShipout Package (MS)
))
(/usr/local/texlive/2014/texmf-dist/tex/generic/pgf/utilities/pgfrcs.code.tex
Package: pgfrcs 2013/12/20 v3.0.0 (rcs-revision 1.28)
))
(/usr/local/texlive/2014/texmf-dist/tex/generic/pgf/systemlayer/pgfsys.code.tex
Package: pgfsys 2013/11/30 v3.0.0 (rcs-revision 1.47)
(/usr/local/texlive/2014/texmf-dist/tex/generic/pgf/utilities/pgfkeys.code.tex
\pgfkeys@pathtoks=\toks17
\pgfkeys@temptoks=\toks18

(/usr/local/texlive/2014/texmf-dist/tex/generic/pgf/utilities/pgfkeysfiltered.c
ode.tex
\pgfkeys@tmptoks=\toks19
))
\pgf@x=\dimen131
\pgf@y=\dimen132
\pgf@xa=\dimen133
\pgf@ya=\dimen134
\pgf@xb=\dimen135
\pgf@yb=\dimen136
\pgf@xc=\dimen137
\pgf@yc=\dimen138
\w@pgf@writea=\write3
\r@pgf@reada=\read1
\c@pgf@counta=\count106
\c@pgf@countb=\count107
\c@pgf@countc=\count108
\c@pgf@countd=\count109
\t@pgf@toka=\toks20
\t@pgf@tokb=\toks21
\t@pgf@tokc=\toks22

(/usr/local/texlive/2014/texmf-dist/tex/generic/pgf/systemlayer/pgf.cfg
File: pgf.cfg 2008/05/14  (rcs-revision 1.7)
)
Driver file for pgf: pgfsys-pdftex.def

(/usr/local/texlive/2014/texmf-dist/tex/generic/pgf/systemlayer/pgfsys-pdftex.d
ef
File: pgfsys-pdftex.def 2013/07/18  (rcs-revision 1.33)

(/usr/local/texlive/2014/texmf-dist/tex/generic/pgf/systemlayer/pgfsys-common-p
df.def
File: pgfsys-common-pdf.def 2013/10/10  (rcs-revision 1.13)
)))
(/usr/local/texlive/2014/texmf-dist/tex/generic/pgf/systemlayer/pgfsyssoftpath.
code.tex
File: pgfsyssoftpath.code.tex 2013/09/09  (rcs-revision 1.9)
\pgfsyssoftpath@smallbuffer@items=\count110
\pgfsyssoftpath@bigbuffer@items=\count111
)
(/usr/local/texlive/2014/texmf-dist/tex/generic/pgf/systemlayer/pgfsysprotocol.
code.tex
File: pgfsysprotocol.code.tex 2006/10/16  (rcs-revision 1.4)
)) (/usr/local/texlive/2014/texmf-dist/tex/latex/xcolor/xcolor.sty
Package: xcolor 2007/01/21 v2.11 LaTeX color extensions (UK)

(/usr/local/texlive/2014/texmf-dist/tex/latex/latexconfig/color.cfg
File: color.cfg 2007/01/18 v1.5 color configuration of teTeX/TeXLive
)
Package xcolor Info: Driver file: pdftex.def on input line 225.
Package xcolor Info: Model `cmy' substituted by `cmy0' on input line 1337.
Package xcolor Info: Model `hsb' substituted by `rgb' on input line 1341.
Package xcolor Info: Model `RGB' extended on input line 1353.
Package xcolor Info: Model `HTML' substituted by `rgb' on input line 1355.
Package xcolor Info: Model `Hsb' substituted by `hsb' on input line 1356.
Package xcolor Info: Model `tHsb' substituted by `hsb' on input line 1357.
Package xcolor Info: Model `HSB' substituted by `hsb' on input line 1358.
Package xcolor Info: Model `Gray' substituted by `gray' on input line 1359.
Package xcolor Info: Model `wave' substituted by `hsb' on input line 1360.
)
(/usr/local/texlive/2014/texmf-dist/tex/generic/pgf/basiclayer/pgfcore.code.tex
Package: pgfcore 2010/04/11 v3.0.0 (rcs-revision 1.7)
(/usr/local/texlive/2014/texmf-dist/tex/generic/pgf/math/pgfmath.code.tex
(/usr/local/texlive/2014/texmf-dist/tex/generic/pgf/math/pgfmathcalc.code.tex
(/usr/local/texlive/2014/texmf-dist/tex/generic/pgf/math/pgfmathutil.code.tex)
(/usr/local/texlive/2014/texmf-dist/tex/generic/pgf/math/pgfmathparser.code.tex
\pgfmath@dimen=\dimen139
\pgfmath@count=\count112
\pgfmath@box=\box35
\pgfmath@toks=\toks23
\pgfmath@stack@operand=\toks24
\pgfmath@stack@operation=\toks25
)
(/usr/local/texlive/2014/texmf-dist/tex/generic/pgf/math/pgfmathfunctions.code.
tex
(/usr/local/texlive/2014/texmf-dist/tex/generic/pgf/math/pgfmathfunctions.basic
.code.tex)
(/usr/local/texlive/2014/texmf-dist/tex/generic/pgf/math/pgfmathfunctions.trigo
nometric.code.tex)
(/usr/local/texlive/2014/texmf-dist/tex/generic/pgf/math/pgfmathfunctions.rando
m.code.tex)
(/usr/local/texlive/2014/texmf-dist/tex/generic/pgf/math/pgfmathfunctions.compa
rison.code.tex)
(/usr/local/texlive/2014/texmf-dist/tex/generic/pgf/math/pgfmathfunctions.base.
code.tex)
(/usr/local/texlive/2014/texmf-dist/tex/generic/pgf/math/pgfmathfunctions.round
.code.tex)
(/usr/local/texlive/2014/texmf-dist/tex/generic/pgf/math/pgfmathfunctions.misc.
code.tex)
(/usr/local/texlive/2014/texmf-dist/tex/generic/pgf/math/pgfmathfunctions.integ
erarithmetics.code.tex)))
(/usr/local/texlive/2014/texmf-dist/tex/generic/pgf/math/pgfmathfloat.code.tex
\c@pgfmathroundto@lastzeros=\count113
))
(/usr/local/texlive/2014/texmf-dist/tex/generic/pgf/basiclayer/pgfcorepoints.co
de.tex
File: pgfcorepoints.code.tex 2013/10/07  (rcs-revision 1.27)
\pgf@picminx=\dimen140
\pgf@picmaxx=\dimen141
\pgf@picminy=\dimen142
\pgf@picmaxy=\dimen143
\pgf@pathminx=\dimen144
\pgf@pathmaxx=\dimen145
\pgf@pathminy=\dimen146
\pgf@pathmaxy=\dimen147
\pgf@xx=\dimen148
\pgf@xy=\dimen149
\pgf@yx=\dimen150
\pgf@yy=\dimen151
\pgf@zx=\dimen152
\pgf@zy=\dimen153
)
(/usr/local/texlive/2014/texmf-dist/tex/generic/pgf/basiclayer/pgfcorepathconst
ruct.code.tex
File: pgfcorepathconstruct.code.tex 2013/10/07  (rcs-revision 1.29)
\pgf@path@lastx=\dimen154
\pgf@path@lasty=\dimen155
)
(/usr/local/texlive/2014/texmf-dist/tex/generic/pgf/basiclayer/pgfcorepathusage
.code.tex
File: pgfcorepathusage.code.tex 2013/12/13  (rcs-revision 1.23)
\pgf@shorten@end@additional=\dimen156
\pgf@shorten@start@additional=\dimen157
)
(/usr/local/texlive/2014/texmf-dist/tex/generic/pgf/basiclayer/pgfcorescopes.co
de.tex
File: pgfcorescopes.code.tex 2013/10/09  (rcs-revision 1.44)
\pgfpic=\box36
\pgf@hbox=\box37
\pgf@layerbox@main=\box38
\pgf@picture@serial@count=\count114
)
(/usr/local/texlive/2014/texmf-dist/tex/generic/pgf/basiclayer/pgfcoregraphicst
ate.code.tex
File: pgfcoregraphicstate.code.tex 2013/09/19  (rcs-revision 1.11)
\pgflinewidth=\dimen158
)
(/usr/local/texlive/2014/texmf-dist/tex/generic/pgf/basiclayer/pgfcoretransform
ations.code.tex
File: pgfcoretransformations.code.tex 2013/10/10  (rcs-revision 1.17)
\pgf@pt@x=\dimen159
\pgf@pt@y=\dimen160
\pgf@pt@temp=\dimen161
)
(/usr/local/texlive/2014/texmf-dist/tex/generic/pgf/basiclayer/pgfcorequick.cod
e.tex
File: pgfcorequick.code.tex 2008/10/09  (rcs-revision 1.3)
)
(/usr/local/texlive/2014/texmf-dist/tex/generic/pgf/basiclayer/pgfcoreobjects.c
ode.tex
File: pgfcoreobjects.code.tex 2006/10/11  (rcs-revision 1.2)
)
(/usr/local/texlive/2014/texmf-dist/tex/generic/pgf/basiclayer/pgfcorepathproce
ssing.code.tex
File: pgfcorepathprocessing.code.tex 2013/09/09  (rcs-revision 1.9)
)
(/usr/local/texlive/2014/texmf-dist/tex/generic/pgf/basiclayer/pgfcorearrows.co
de.tex
File: pgfcorearrows.code.tex 2013/11/07  (rcs-revision 1.40)
\pgfarrowsep=\dimen162
)
(/usr/local/texlive/2014/texmf-dist/tex/generic/pgf/basiclayer/pgfcoreshade.cod
e.tex
File: pgfcoreshade.code.tex 2013/07/15  (rcs-revision 1.15)
\pgf@max=\dimen163
\pgf@sys@shading@range@num=\count115
)
(/usr/local/texlive/2014/texmf-dist/tex/generic/pgf/basiclayer/pgfcoreimage.cod
e.tex
File: pgfcoreimage.code.tex 2013/07/15  (rcs-revision 1.18)

(/usr/local/texlive/2014/texmf-dist/tex/generic/pgf/basiclayer/pgfcoreexternal.
code.tex
File: pgfcoreexternal.code.tex 2013/07/15  (rcs-revision 1.20)
\pgfexternal@startupbox=\box39
))
(/usr/local/texlive/2014/texmf-dist/tex/generic/pgf/basiclayer/pgfcorelayers.co
de.tex
File: pgfcorelayers.code.tex 2013/07/18  (rcs-revision 1.7)
)
(/usr/local/texlive/2014/texmf-dist/tex/generic/pgf/basiclayer/pgfcoretranspare
ncy.code.tex
File: pgfcoretransparency.code.tex 2013/09/30  (rcs-revision 1.5)
)
(/usr/local/texlive/2014/texmf-dist/tex/generic/pgf/basiclayer/pgfcorepatterns.
code.tex
File: pgfcorepatterns.code.tex 2013/11/07  (rcs-revision 1.5)
)))
(/usr/local/texlive/2014/texmf-dist/tex/latex/pgf/utilities/xxcolor.sty
Package: xxcolor 2003/10/24 ver 0.1
\XC@nummixins=\count116
\XC@countmixins=\count117
)
(/usr/local/texlive/2014/texmf-dist/tex/generic/oberdiek/atbegshi.sty
Package: atbegshi 2011/10/05 v1.16 At begin shipout hook (HO)
)
(/usr/local/texlive/2014/texmf-dist/tex/latex/hyperref/hyperref.sty
Package: hyperref 2012/11/06 v6.83m Hypertext links for LaTeX

(/usr/local/texlive/2014/texmf-dist/tex/generic/oberdiek/hobsub-hyperref.sty
Package: hobsub-hyperref 2012/05/28 v1.13 Bundle oberdiek, subset hyperref (HO)


(/usr/local/texlive/2014/texmf-dist/tex/generic/oberdiek/hobsub-generic.sty
Package: hobsub-generic 2012/05/28 v1.13 Bundle oberdiek, subset generic (HO)
Package: hobsub 2012/05/28 v1.13 Construct package bundles (HO)
Package hobsub Info: Skipping package `infwarerr' (already loaded).
Package hobsub Info: Skipping package `ltxcmds' (already loaded).
Package: ifluatex 2010/03/01 v1.3 Provides the ifluatex switch (HO)
Package ifluatex Info: LuaTeX not detected.
Package hobsub Info: Skipping package `ifvtex' (already loaded).
Package: intcalc 2007/09/27 v1.1 Expandable calculations with integers (HO)
Package hobsub Info: Skipping package `ifpdf' (already loaded).
Package: etexcmds 2011/02/16 v1.5 Avoid name clashes with e-TeX commands (HO)
Package etexcmds Info: Could not find \expanded.
(etexcmds)             That can mean that you are not using pdfTeX 1.50 or
(etexcmds)             that some package has redefined \expanded.
(etexcmds)             In the latter case, load this package earlier.
Package: kvsetkeys 2012/04/25 v1.16 Key value parser (HO)
Package: kvdefinekeys 2011/04/07 v1.3 Define keys (HO)
Package: pdftexcmds 2011/11/29 v0.20 Utility functions of pdfTeX for LuaTeX (HO
)
Package pdftexcmds Info: LuaTeX not detected.
Package pdftexcmds Info: \pdf@primitive is available.
Package pdftexcmds Info: \pdf@ifprimitive is available.
Package pdftexcmds Info: \pdfdraftmode found.
Package: pdfescape 2011/11/25 v1.13 Implements pdfTeX's escape features (HO)
Package: bigintcalc 2012/04/08 v1.3 Expandable calculations on big integers (HO
)
Package: bitset 2011/01/30 v1.1 Handle bit-vector datatype (HO)
Package: uniquecounter 2011/01/30 v1.2 Provide unlimited unique counter (HO)
)
Package hobsub Info: Skipping package `hobsub' (already loaded).
Package: letltxmacro 2010/09/02 v1.4 Let assignment for LaTeX macros (HO)
Package: hopatch 2012/05/28 v1.2 Wrapper for package hooks (HO)
Package: xcolor-patch 2011/01/30 xcolor patch
Package: atveryend 2011/06/30 v1.8 Hooks at the very end of document (HO)
Package atveryend Info: \enddocument detected (standard20110627).
Package hobsub Info: Skipping package `atbegshi' (already loaded).
Package: refcount 2011/10/16 v3.4 Data extraction from label references (HO)
Package: hycolor 2011/01/30 v1.7 Color options for hyperref/bookmark (HO)
)
(/usr/local/texlive/2014/texmf-dist/tex/latex/oberdiek/auxhook.sty
Package: auxhook 2011/03/04 v1.3 Hooks for auxiliary files (HO)
)
(/usr/local/texlive/2014/texmf-dist/tex/latex/oberdiek/kvoptions.sty
Package: kvoptions 2011/06/30 v3.11 Key value format for package options (HO)
)
\@linkdim=\dimen164
\Hy@linkcounter=\count118
\Hy@pagecounter=\count119

(/usr/local/texlive/2014/texmf-dist/tex/latex/hyperref/pd1enc.def
File: pd1enc.def 2012/11/06 v6.83m Hyperref: PDFDocEncoding definition (HO)
)
\Hy@SavedSpaceFactor=\count120

(/usr/local/texlive/2014/texmf-dist/tex/latex/latexconfig/hyperref.cfg
File: hyperref.cfg 2002/06/06 v1.2 hyperref configuration of TeXLive
)
Package hyperref Info: Option `bookmarks' set `true' on input line 4319.
Package hyperref Info: Option `bookmarksopen' set `true' on input line 4319.
Package hyperref Info: Option `implicit' set `false' on input line 4319.
Package hyperref Info: Hyper figures OFF on input line 4443.
Package hyperref Info: Link nesting OFF on input line 4448.
Package hyperref Info: Hyper index ON on input line 4451.
Package hyperref Info: Plain pages OFF on input line 4458.
Package hyperref Info: Backreferencing OFF on input line 4463.
Package hyperref Info: Implicit mode OFF; no redefinition of LaTeX internals.
Package hyperref Info: Bookmarks ON on input line 4688.
\c@Hy@tempcnt=\count121

(/usr/local/texlive/2014/texmf-dist/tex/latex/url/url.sty
\Urlmuskip=\muskip10
Package: url 2013/09/16  ver 3.4  Verb mode for urls, etc.
)
LaTeX Info: Redefining \url on input line 5041.
\XeTeXLinkMargin=\dimen165
\Fld@menulength=\count122
\Field@Width=\dimen166
\Fld@charsize=\dimen167
Package hyperref Info: Hyper figures OFF on input line 6295.
Package hyperref Info: Link nesting OFF on input line 6300.
Package hyperref Info: Hyper index ON on input line 6303.
Package hyperref Info: backreferencing OFF on input line 6310.
Package hyperref Info: Link coloring OFF on input line 6315.
Package hyperref Info: Link coloring with OCG OFF on input line 6320.
Package hyperref Info: PDF/A mode OFF on input line 6325.
LaTeX Info: Redefining \ref on input line 6365.
LaTeX Info: Redefining \pageref on input line 6369.
\Hy@abspage=\count123


Package hyperref Message: Stopped early.

)

Package hyperref Message: Driver (autodetected): hpdftex.

(/usr/local/texlive/2014/texmf-dist/tex/latex/hyperref/hpdftex.def
File: hpdftex.def 2012/11/06 v6.83m Hyperref driver for pdfTeX
\Fld@listcount=\count124
\c@bookmark@seq@number=\count125

(/usr/local/texlive/2014/texmf-dist/tex/latex/oberdiek/rerunfilecheck.sty
Package: rerunfilecheck 2011/04/15 v1.7 Rerun checks for auxiliary files (HO)
Package uniquecounter Info: New unique counter `rerunfilecheck' on input line 2
82.
))
(/usr/local/texlive/2014/texmf-dist/tex/latex/beamer/beamerbaserequires.sty
Package: beamerbaserequires 2010/05/01  (rcs-revision efa082c6111d)

(/usr/local/texlive/2014/texmf-dist/tex/latex/beamer/beamerbasecompatibility.st
y
Package: beamerbasecompatibility 2012/05/01  (rcs-revision 67c48b3b652d)
) (/usr/local/texlive/2014/texmf-dist/tex/latex/beamer/beamerbasefont.sty
Package: beamerbasefont 2013/10/18  (rcs-revision 72f39e01808a)

(/usr/local/texlive/2014/texmf-dist/tex/latex/amsfonts/amssymb.sty
Package: amssymb 2013/01/14 v3.01 AMS font symbols

(/usr/local/texlive/2014/texmf-dist/tex/latex/amsfonts/amsfonts.sty
Package: amsfonts 2013/01/14 v3.01 Basic AMSFonts support
\@emptytoks=\toks26
\symAMSa=\mathgroup4
\symAMSb=\mathgroup5
LaTeX Font Info:    Overwriting math alphabet `\mathfrak' in version `bold'
(Font)                  U/euf/m/n --> U/euf/b/n on input line 106.
))
(/usr/local/texlive/2014/texmf-dist/tex/latex/sansmathaccent/sansmathaccent.sty
Package: sansmathaccent 2013/03/28
(/usr/local/texlive/2014/texmf-dist/tex/latex/filehook/filehook.sty
Package: filehook 2011/10/12 v0.5d Hooks for input files
)))
(/usr/local/texlive/2014/texmf-dist/tex/latex/beamer/beamerbasetranslator.sty
Package: beamerbasetranslator 2010/06/11  (rcs-revision 85fd1cc7fc42)

(/usr/local/texlive/2014/texmf-dist/tex/latex/beamer/translator/translator.sty
Package: translator 2010/06/12 ver 1.10

(/usr/local/texlive/2014/texmf-dist/tex/latex/beamer/translator/translator-lang
uage-mappings.tex)))
(/usr/local/texlive/2014/texmf-dist/tex/latex/beamer/beamerbasemisc.sty
Package: beamerbasemisc 2013/09/03  (rcs-revision a55719c41d85)
)
(/usr/local/texlive/2014/texmf-dist/tex/latex/beamer/beamerbasetwoscreens.sty
Package: beamerbasetwoscreens 2010/05/01  (rcs-revision efa082c6111d)
)
(/usr/local/texlive/2014/texmf-dist/tex/latex/beamer/beamerbaseoverlay.sty
Package: beamerbaseoverlay 2013/12/25  (rcs-revision f6bd5e3805da)
\beamer@argscount=\count126
\beamer@lastskipcover=\skip44
\beamer@trivlistdepth=\count127
)
(/usr/local/texlive/2014/texmf-dist/tex/latex/beamer/beamerbasetitle.sty
Package: beamerbasetitle 2010/09/21  (rcs-revision f0446ed0b6ae)
)
(/usr/local/texlive/2014/texmf-dist/tex/latex/beamer/beamerbasesection.sty
Package: beamerbasesection 2013/06/07  (rcs-revision 60b9fe0f342f)
\c@lecture=\count128
\c@part=\count129
\c@section=\count130
\c@subsection=\count131
\c@subsubsection=\count132
)
(/usr/local/texlive/2014/texmf-dist/tex/latex/beamer/beamerbaseframe.sty
Package: beamerbaseframe 2013/10/02  (rcs-revision cdc8e9a3aaac)
\beamer@framebox=\box40
\beamer@frametitlebox=\box41
\beamer@zoombox=\box42
\beamer@zoomcount=\count133
\beamer@zoomframecount=\count134
\beamer@frametextheight=\dimen168
\c@subsectionslide=\count135
\beamer@frametopskip=\skip45
\beamer@framebottomskip=\skip46
\beamer@frametopskipautobreak=\skip47
\beamer@framebottomskipautobreak=\skip48
\beamer@envbody=\toks27
\framewidth=\dimen169
\c@framenumber=\count136
)
(/usr/local/texlive/2014/texmf-dist/tex/latex/beamer/beamerbaseverbatim.sty
Package: beamerbaseverbatim 2012/08/30  (rcs-revision dfdb135076b3)
\beamer@verbatimfileout=\write4
)
(/usr/local/texlive/2014/texmf-dist/tex/latex/beamer/beamerbaseframesize.sty
Package: beamerbaseframesize 2011/09/12  (rcs-revision 70f9d8411e54)
\beamer@splitbox=\box43
\beamer@autobreakcount=\count137
\beamer@autobreaklastheight=\dimen170
\beamer@frametitletoks=\toks28
\beamer@framesubtitletoks=\toks29
)
(/usr/local/texlive/2014/texmf-dist/tex/latex/beamer/beamerbaseframecomponents.
sty
Package: beamerbaseframecomponents 2013/10/18  (rcs-revision 5cf6c5555a45)
\beamer@footins=\box44
) (/usr/local/texlive/2014/texmf-dist/tex/latex/beamer/beamerbasecolor.sty
Package: beamerbasecolor 2010/06/06  (rcs-revision d1a9b48be06d)
)
(/usr/local/texlive/2014/texmf-dist/tex/latex/beamer/beamerbasenotes.sty
Package: beamerbasenotes 2012/12/19  (rcs-revision 1686da3db3c9)
\beamer@frameboxcopy=\box45
)
(/usr/local/texlive/2014/texmf-dist/tex/latex/beamer/beamerbasetoc.sty
Package: beamerbasetoc 2013/05/23  (rcs-revision 0fdf5bc43be8)
)
(/usr/local/texlive/2014/texmf-dist/tex/latex/beamer/beamerbasetemplates.sty
Package: beamerbasetemplates 2010/05/01  (rcs-revision efa082c6111d)
\beamer@sbttoks=\toks30

(/usr/local/texlive/2014/texmf-dist/tex/latex/beamer/beamerbaseauxtemplates.sty
Package: beamerbaseauxtemplates 2013/09/04  (rcs-revision 4ac715c499d0)
(/usr/local/texlive/2014/texmf-dist/tex/latex/beamer/beamerbaseboxes.sty
Package: beamerbaseboxes 2012/05/13  (rcs-revision 56972908a390)
\bmb@box=\box46
\bmb@colorbox=\box47
\bmb@boxshadow=\box48
\bmb@boxshadowball=\box49
\bmb@boxshadowballlarge=\box50
\bmb@temp=\dimen171
\bmb@dima=\dimen172
\bmb@dimb=\dimen173
\bmb@prevheight=\dimen174
)
\beamer@blockheadheight=\dimen175
))
(/usr/local/texlive/2014/texmf-dist/tex/latex/beamer/beamerbaselocalstructure.s
ty
Package: beamerbaselocalstructure 2013/09/04  (rcs-revision 4ac715c499d0)
 (/usr/local/texlive/2014/texmf-dist/tex/latex/tools/enumerate.sty
Package: enumerate 1999/03/05 v3.00 enumerate extensions (DPC)
\@enLab=\toks31
)
\c@figure=\count138
\c@table=\count139
\abovecaptionskip=\skip49
\belowcaptionskip=\skip50
)
(/usr/local/texlive/2014/texmf-dist/tex/latex/beamer/beamerbasenavigation.sty
Package: beamerbasenavigation 2013/10/05  (rcs-revision 62be157fe783)
\beamer@section@min@dim=\dimen176
)
(/usr/local/texlive/2014/texmf-dist/tex/latex/beamer/beamerbasetheorems.sty
Package: beamerbasetheorems 2010/06/06  (rcs-revision 7e7cc5e53e9d)

(/usr/local/texlive/2014/texmf-dist/tex/latex/amsmath/amsmath.sty
Package: amsmath 2013/01/14 v2.14 AMS math features
\@mathmargin=\skip51

For additional information on amsmath, use the `?' option.
(/usr/local/texlive/2014/texmf-dist/tex/latex/amsmath/amstext.sty
Package: amstext 2000/06/29 v2.01

(/usr/local/texlive/2014/texmf-dist/tex/latex/amsmath/amsgen.sty
File: amsgen.sty 1999/11/30 v2.0
\@emptytoks=\toks32
\ex@=\dimen177
))
(/usr/local/texlive/2014/texmf-dist/tex/latex/amsmath/amsbsy.sty
Package: amsbsy 1999/11/29 v1.2d
\pmbraise@=\dimen178
)
(/usr/local/texlive/2014/texmf-dist/tex/latex/amsmath/amsopn.sty
Package: amsopn 1999/12/14 v2.01 operator names
)
\inf@bad=\count140
LaTeX Info: Redefining \frac on input line 210.
\uproot@=\count141
\leftroot@=\count142
LaTeX Info: Redefining \overline on input line 306.
\classnum@=\count143
\DOTSCASE@=\count144
LaTeX Info: Redefining \ldots on input line 378.
LaTeX Info: Redefining \dots on input line 381.
LaTeX Info: Redefining \cdots on input line 466.
\Mathstrutbox@=\box51
\strutbox@=\box52
\big@size=\dimen179
LaTeX Font Info:    Redeclaring font encoding OML on input line 566.
LaTeX Font Info:    Redeclaring font encoding OMS on input line 567.
\macc@depth=\count145
\c@MaxMatrixCols=\count146
\dotsspace@=\muskip11
\c@parentequation=\count147
\dspbrk@lvl=\count148
\tag@help=\toks33
\row@=\count149
\column@=\count150
\maxfields@=\count151
\andhelp@=\toks34
\eqnshift@=\dimen180
\alignsep@=\dimen181
\tagshift@=\dimen182
\tagwidth@=\dimen183
\totwidth@=\dimen184
\lineht@=\dimen185
\@envbody=\toks35
\multlinegap=\skip52
\multlinetaggap=\skip53
\mathdisplay@stack=\toks36
LaTeX Info: Redefining \[ on input line 2665.
LaTeX Info: Redefining \] on input line 2666.
)
(/usr/local/texlive/2014/texmf-dist/tex/latex/amscls/amsthm.sty
Package: amsthm 2004/08/06 v2.20
\thm@style=\toks37
\thm@bodyfont=\toks38
\thm@headfont=\toks39
\thm@notefont=\toks40
\thm@headpunct=\toks41
\thm@preskip=\skip54
\thm@postskip=\skip55
\thm@headsep=\skip56
\dth@everypar=\toks42
)
\c@theorem=\count152
)
(/usr/local/texlive/2014/texmf-dist/tex/latex/beamer/beamerbasethemes.sty
Package: beamerbasethemes 2010/05/01  (rcs-revision efa082c6111d)
))
(/usr/local/texlive/2014/texmf-dist/tex/latex/beamer/themes/theme/beamerthemede
fault.sty
Package: beamerthemedefault 2010/06/17  (rcs-revision d02a7cf4d8ae)

(/usr/local/texlive/2014/texmf-dist/tex/latex/beamer/themes/font/beamerfontthem
edefault.sty
Package: beamerfontthemedefault 2012/12/19  (rcs-revision 1686da3db3c9)
)
(/usr/local/texlive/2014/texmf-dist/tex/latex/beamer/themes/color/beamercolorth
emedefault.sty
Package: beamercolorthemedefault 2012/12/19  (rcs-revision 1686da3db3c9)
)
(/usr/local/texlive/2014/texmf-dist/tex/latex/beamer/themes/inner/beamerinnerth
emedefault.sty
Package: beamerinnerthemedefault 2013/10/15  (rcs-revision 65cb471f9634)
\beamer@dima=\dimen186
\beamer@dimb=\dimen187
)
(/usr/local/texlive/2014/texmf-dist/tex/latex/beamer/themes/outer/beamerouterth
emedefault.sty
Package: beamerouterthemedefault 2012/12/19  (rcs-revision 1686da3db3c9)
)))
(/usr/local/texlive/2014/texmf-dist/tex/latex/beamer/themes/theme/beamerthemeMa
drid.sty
Package: beamerthemeMadrid 2010/06/17  (rcs-revision d02a7cf4d8ae)

(/usr/local/texlive/2014/texmf-dist/tex/latex/beamer/themes/color/beamercolorth
emewhale.sty
Package: beamercolorthemewhale 2010/06/17  (rcs-revision d02a7cf4d8ae)
)
(/usr/local/texlive/2014/texmf-dist/tex/latex/beamer/themes/color/beamercolorth
emeorchid.sty
Package: beamercolorthemeorchid 2010/06/17  (rcs-revision d02a7cf4d8ae)
)
(/usr/local/texlive/2014/texmf-dist/tex/latex/beamer/themes/inner/beamerinnerth
emerounded.sty
Package: beamerinnerthemerounded 2010/06/17  (rcs-revision d02a7cf4d8ae)
)
(/usr/local/texlive/2014/texmf-dist/tex/latex/beamer/themes/outer/beamerouterth
emeinfolines.sty
Package: beamerouterthemeinfolines 2012/10/16  (rcs-revision 51a8c72084af)
))
(/usr/local/texlive/2014/texmf-dist/tex/latex/media9/media9.sty
(/usr/local/texlive/2014/texmf-dist/tex/latex/l3kernel/expl3.sty
Package: expl3 2014/05/20 v4814 L3 programming layer (loader) 

(/usr/local/texlive/2014/texmf-dist/tex/latex/l3kernel/expl3-code.tex
Package: expl3 2014/05/20 v4814 L3 programming layer (code) 
L3 Module: l3bootstrap 2014/05/16 v4782 L3 Bootstrap code

(/usr/local/texlive/2014/texmf-dist/tex/latex/etex-pkg/etex.sty
Package: etex 1998/03/26 v2.0 eTeX basic definition package (PEB)
\et@xins=\count153
)
L3 Module: l3names 2014/05/04 v4728 L3 Namespace for primitives
L3 Module: l3basics 2014/05/04 v4728 L3 Basic definitions
L3 Module: l3expan 2014/04/30 v4712 L3 Argument expansion
L3 Module: l3tl 2014/05/04 v4728 L3 Token lists
L3 Module: l3seq 2014/04/30 v4712 L3 Sequences and stacks
L3 Module: l3int 2014/05/16 v4776 L3 Integers
\c_max_int=\count154
\l_tmpa_int=\count155
\l_tmpb_int=\count156
\g_tmpa_int=\count157
\g_tmpb_int=\count158
L3 Module: l3quark 2014/05/04 v4728 L3 Quarks
L3 Module: l3prg 2014/05/04 v4728 L3 Control structures
\g__prg_map_int=\count159
L3 Module: l3clist 2014/05/04 v4728 L3 Comma separated lists
L3 Module: l3token 2014/05/04 v4728 L3 Experimental token manipulation
L3 Module: l3prop 2014/04/30 v4712 L3 Property lists
L3 Module: l3msg 2014/05/04 v4728 L3 Messages
L3 Module: l3file 2014/05/05 v4737 L3 File and I/O operations
\l_iow_line_count_int=\count160
\l__iow_target_count_int=\count161
\l__iow_current_line_int=\count162
\l__iow_current_word_int=\count163
\l__iow_current_indentation_int=\count164
L3 Module: l3skip 2014/05/05 v4738 L3 Dimensions and skips
\c_zero_dim=\dimen188
\c_max_dim=\dimen189
\l_tmpa_dim=\dimen190
\l_tmpb_dim=\dimen191
\g_tmpa_dim=\dimen192
\g_tmpb_dim=\dimen193
\c_zero_skip=\skip57
\c_max_skip=\skip58
\l_tmpa_skip=\skip59
\l_tmpb_skip=\skip60
\g_tmpa_skip=\skip61
\g_tmpb_skip=\skip62
\c_zero_muskip=\muskip12
\c_max_muskip=\muskip13
\l_tmpa_muskip=\muskip14
\l_tmpb_muskip=\muskip15
\g_tmpa_muskip=\muskip16
\g_tmpb_muskip=\muskip17
L3 Module: l3keys 2014/05/08 v4753 L3 Key-value interfaces
\g__keyval_level_int=\count165
\l_keys_choice_int=\count166
L3 Module: l3fp 2014/04/30 v4712 L3 Floating points
\c__fp_leading_shift_int=\count167
\c__fp_middle_shift_int=\count168
\c__fp_trailing_shift_int=\count169
\c__fp_big_leading_shift_int=\count170
\c__fp_big_middle_shift_int=\count171
\c__fp_big_trailing_shift_int=\count172
\c__fp_Bigg_leading_shift_int=\count173
\c__fp_Bigg_middle_shift_int=\count174
\c__fp_Bigg_trailing_shift_int=\count175
L3 Module: l3box 2014/05/04 v4728 L3 Experimental boxes
\c_empty_box=\box53
\l_tmpa_box=\box54
\l_tmpb_box=\box55
\g_tmpa_box=\box56
\g_tmpb_box=\box57
L3 Module: l3coffins 2014/05/04 v4728 L3 Coffin code layer
\l__coffin_internal_box=\box58
\l__coffin_internal_dim=\dimen194
\l__coffin_offset_x_dim=\dimen195
\l__coffin_offset_y_dim=\dimen196
\l__coffin_x_dim=\dimen197
\l__coffin_y_dim=\dimen198
\l__coffin_x_prime_dim=\dimen199
\l__coffin_y_prime_dim=\dimen200
\c_empty_coffin=\box59
\l__coffin_aligned_coffin=\box60
\l__coffin_aligned_internal_coffin=\box61
\l_tmpa_coffin=\box62
\l_tmpb_coffin=\box63
\l__coffin_display_coffin=\box64
\l__coffin_display_coord_coffin=\box65
\l__coffin_display_pole_coffin=\box66
\l__coffin_display_offset_dim=\dimen201
Normal \dimen register pool exhausted, switching to extended pool.
\l__coffin_display_x_dim=\dimen256
\l__coffin_display_y_dim=\dimen257
L3 Module: l3color 2014/04/30 v4712 L3 Experimental color support
L3 Module: l3luatex 2014/04/30 v4712 L3 Experimental LuaTeX-specific functions
\g__cctab_allocate_int=\count176
\g__cctab_stack_int=\count177
L3 Module: l3candidates 2014/05/04 v4734 L3 Experimental additions to l3kernel
\l__box_top_dim=\dimen258
\l__box_bottom_dim=\dimen259
\l__box_left_dim=\dimen260
\l__box_right_dim=\dimen261
\l__box_top_new_dim=\dimen262
\l__box_bottom_new_dim=\dimen263
\l__box_left_new_dim=\dimen264
\l__box_right_new_dim=\dimen265
\l__box_internal_box=\box67
\l__coffin_bounding_shift_dim=\dimen266
\l__coffin_left_corner_dim=\dimen267
\l__coffin_right_corner_dim=\dimen268
\l__coffin_bottom_corner_dim=\dimen269
\l__coffin_top_corner_dim=\dimen270
\l__coffin_scaled_total_height_dim=\dimen271
\l__coffin_scaled_width_dim=\dimen272
))
(/usr/local/texlive/2014/texmf-dist/tex/latex/l3experimental/l3str/l3regex.sty
Package: l3regex 2013/12/14 v4623 L3 Experimental regular expressions

(/usr/local/texlive/2014/texmf-dist/tex/latex/l3experimental/l3str/l3tl-build.s
ty
Package: l3tl-build 2011/12/08 v3039 L3 Experimental token list construction
\l__tl_build_start_index_int=\count178
\l__tl_build_index_int=\count179
)
(/usr/local/texlive/2014/texmf-dist/tex/latex/l3experimental/l3str/l3tl-analysi
s.sty
Package: l3tl-analysis 2011/12/08 v3039 L3 Experimental token lists analysis

(/usr/local/texlive/2014/texmf-dist/tex/latex/l3experimental/l3str/l3str.sty
Package: l3str 2014/05/04 v4728 L3 Experimental strings
)
\l__tl_analysis_normal_int=\count180
\l__tl_analysis_index_int=\count181
\l__tl_analysis_nesting_int=\count182
\l__tl_analysis_type_int=\count183
)
(/usr/local/texlive/2014/texmf-dist/tex/latex/l3experimental/l3str/l3flag.sty
Package: l3flag 2011/12/08 v3039 L3 Experimental flags
)
(/usr/local/texlive/2014/texmf-dist/tex/latex/l3experimental/l3str/l3str-conver
t.sty
Package: l3str-convert 2013/01/08 v4339 L3 Experimental string encoding convers
ions
\l__str_internal_int=\count184
\c__str_replacement_char_int=\count185
)
\l__regex_internal_a_int=\count186
\l__regex_internal_b_int=\count187
\l__regex_internal_c_int=\count188
\l__regex_balance_int=\count189
\l__regex_group_level_int=\count190
\l__regex_mode_int=\count191
\l__regex_catcodes_int=\count192
\l__regex_default_catcodes_int=\count193
\c__regex_catcode_D_int=\count194
\c__regex_catcode_S_int=\count195
\c__regex_catcode_L_int=\count196
\c__regex_catcode_O_int=\count197
\c__regex_catcode_A_int=\count198
\c__regex_all_catcodes_int=\count199
\l__regex_show_lines_int=\count200
\l__regex_min_state_int=\count201
Normal \count register pool exhausted, switching to extended pool.
\l__regex_max_state_int=\count277
\l__regex_left_state_int=\count278
\l__regex_right_state_int=\count279
\l__regex_capturing_group_int=\count280
\l__regex_min_pos_int=\count281
\l__regex_max_pos_int=\count282
\l__regex_current_pos_int=\count283
\l__regex_start_pos_int=\count284
\l__regex_success_pos_int=\count285
\l__regex_current_char_int=\count286
\l__regex_current_catcode_int=\count287
\l__regex_last_char_int=\count288
\l__regex_case_changed_char_int=\count289
\l__regex_current_state_int=\count290
\l__regex_step_int=\count291
\l__regex_min_active_int=\count292
\l__regex_max_active_int=\count293
\l__regex_replacement_csnames_int=\count294
\l__regex_match_count_int=\count295
\l__regex_submatch_int=\count296
\l__regex_zeroth_submatch_int=\count297
)
(/usr/local/texlive/2014/texmf-dist/tex/latex/l3packages/l3keys2e/l3keys2e.sty
Package: l3keys2e 2014/05/05 v4740 LaTeX2e option processing using LaTeX3 keys
) (/usr/local/texlive/2014/texmf-dist/tex/latex/l3packages/xparse/xparse.sty
Package: xparse 2014/05/05 v4740 L3 Experimental document command parser
\l__xparse_current_arg_int=\count298
\l__xparse_m_args_int=\count299
\l__xparse_mandatory_args_int=\count300
\l__xparse_processor_int=\count301
\l__xparse_v_nesting_int=\count302
)
(/usr/local/texlive/2014/texmf-dist/tex/latex/oberdiek/atenddvi.sty
Package: atenddvi 2007/04/17 v1.1 At end DVI hook (HO)

(/usr/local/texlive/2014/texmf-dist/tex/latex/oberdiek/zref-abspage.sty
Package: zref-abspage 2012/04/04 v2.24 Module abspage for zref (HO)

(/usr/local/texlive/2014/texmf-dist/tex/latex/oberdiek/zref-base.sty
Package: zref-base 2012/04/04 v2.24 Module base for zref (HO)
Package zref Info: New property list: main on input line 759.
Package zref Info: New property: default on input line 760.
Package zref Info: New property: page on input line 761.
)
\c@abspage=\count303
Package zref Info: New property: abspage on input line 62.
)
(/usr/local/texlive/2014/texmf-dist/tex/latex/oberdiek/zref-lastpage.sty
Package: zref-lastpage 2012/04/04 v2.24 Module lastpage for zref (HO)
Package zref Info: New property list: LastPage on input line 55.
))
(/usr/local/texlive/2014/texmf-dist/tex/latex/pgf/frontendlayer/tikz.sty
(/usr/local/texlive/2014/texmf-dist/tex/latex/pgf/basiclayer/pgf.sty
Package: pgf 2013/12/18 v3.0.0 (rcs-revision 1.14)

(/usr/local/texlive/2014/texmf-dist/tex/generic/pgf/modules/pgfmoduleshapes.cod
e.tex
File: pgfmoduleshapes.code.tex 2013/10/31  (rcs-revision 1.34)
\pgfnodeparttextbox=\box68
)
(/usr/local/texlive/2014/texmf-dist/tex/generic/pgf/modules/pgfmoduleplot.code.
tex
File: pgfmoduleplot.code.tex 2013/07/31  (rcs-revision 1.12)
)
(/usr/local/texlive/2014/texmf-dist/tex/latex/pgf/compatibility/pgfcomp-version
-0-65.sty
Package: pgfcomp-version-0-65 2007/07/03 v3.0.0 (rcs-revision 1.7)
\pgf@nodesepstart=\dimen273
\pgf@nodesepend=\dimen274
)
(/usr/local/texlive/2014/texmf-dist/tex/latex/pgf/compatibility/pgfcomp-version
-1-18.sty
Package: pgfcomp-version-1-18 2007/07/23 v3.0.0 (rcs-revision 1.1)
))
(/usr/local/texlive/2014/texmf-dist/tex/latex/pgf/utilities/pgffor.sty
(/usr/local/texlive/2014/texmf-dist/tex/latex/pgf/utilities/pgfkeys.sty
(/usr/local/texlive/2014/texmf-dist/tex/generic/pgf/utilities/pgfkeys.code.tex)
) (/usr/local/texlive/2014/texmf-dist/tex/latex/pgf/math/pgfmath.sty
(/usr/local/texlive/2014/texmf-dist/tex/generic/pgf/math/pgfmath.code.tex))
(/usr/local/texlive/2014/texmf-dist/tex/generic/pgf/utilities/pgffor.code.tex
Package: pgffor 2013/12/13 v3.0.0 (rcs-revision 1.25)

(/usr/local/texlive/2014/texmf-dist/tex/generic/pgf/math/pgfmath.code.tex)
\pgffor@iter=\dimen275
\pgffor@skip=\dimen276
\pgffor@stack=\toks43
\pgffor@toks=\toks44
))
(/usr/local/texlive/2014/texmf-dist/tex/generic/pgf/frontendlayer/tikz/tikz.cod
e.tex
Package: tikz 2013/12/13 v3.0.0 (rcs-revision 1.142)

(/usr/local/texlive/2014/texmf-dist/tex/generic/pgf/libraries/pgflibraryplothan
dlers.code.tex
File: pgflibraryplothandlers.code.tex 2013/08/31 v3.0.0 (rcs-revision 1.20)
\pgf@plot@mark@count=\count304
\pgfplotmarksize=\dimen277
)
\tikz@lastx=\dimen278
\tikz@lasty=\dimen279
\tikz@lastxsaved=\dimen280
\tikz@lastysaved=\dimen281
\tikzleveldistance=\dimen282
\tikzsiblingdistance=\dimen283
\tikz@figbox=\box69
\tikz@figbox@bg=\box70
\tikz@tempbox=\box71
\tikz@tempbox@bg=\box72
\tikztreelevel=\count305
\tikznumberofchildren=\count306
\tikznumberofcurrentchild=\count307
\tikz@fig@count=\count308

(/usr/local/texlive/2014/texmf-dist/tex/generic/pgf/modules/pgfmodulematrix.cod
e.tex
File: pgfmodulematrix.code.tex 2013/09/17  (rcs-revision 1.8)
\pgfmatrixcurrentrow=\count309
\pgfmatrixcurrentcolumn=\count310
\pgf@matrix@numberofcolumns=\count311
)
\tikz@expandcount=\count312

(/usr/local/texlive/2014/texmf-dist/tex/generic/pgf/frontendlayer/tikz/librarie
s/tikzlibrarytopaths.code.tex
File: tikzlibrarytopaths.code.tex 2008/06/17 v3.0.0 (rcs-revision 1.2)
)))
Package: media9 2014/03/25 v0.43 acrobat-9/X compatible media
\l_mix_poster_box=\box73
\g_mix_wd_dim=\dimen284
\g_mix_ht_dim=\dimen285
\g_mix_dp_dim=\dimen286
\g_mix_rmcnt_int=\count313
\l_mix_viewcnt_int=\count314
\g@mix@page@int=\count315
\g_mix_resizeflag_int=\count316
\l_mix_lineno_int=\count317
.................................................
. LaTeX info: "xparse/define-command"
. 
. Defining document command \addmediapath with arg. spec. 'm' on line 1213.
.................................................
\l_mix_pbtn_box=\box74
.................................................
. LaTeX info: "xparse/define-command"
. 
. Defining document command \includemedia with arg. spec. 'O{}mm' on line
. 1568.
.................................................
\g_mix_mbtncnt_int=\count318
.................................................
. LaTeX info: "xparse/define-command"
. 
. Defining document command \mediabutton with arg. spec. 'O{}m' on line 2672.
.................................................
)
(/usr/local/texlive/2014/texmf-dist/tex/latex/textpos/textpos.sty
Package: textpos 2014/01/03 v1.7j

Package: textpos 2014/01/03 1.7j, absolute positioning of text on the page
\TP@textbox=\box75
\TPHorizModule=\dimen287
\TPVertModule=\dimen288
\TP@margin=\dimen289
\TP@absmargin=\dimen290
Grid set 16 x 16 = 22.7622pt x 17.07166pt
\TPboxrulesize=\dimen291
\TP@tbargs=\toks45
\TP@prevdepth=\dimen292
) (./main.aux

LaTeX Warning: Label `fig:JPUE_all' multiply defined.

)
\openout1 = `main.aux'.

LaTeX Font Info:    Checking defaults for OML/cmm/m/it on input line 116.
LaTeX Font Info:    ... okay on input line 116.
LaTeX Font Info:    Checking defaults for T1/cmr/m/n on input line 116.
LaTeX Font Info:    ... okay on input line 116.
LaTeX Font Info:    Checking defaults for OT1/cmr/m/n on input line 116.
LaTeX Font Info:    ... okay on input line 116.
LaTeX Font Info:    Checking defaults for OMS/cmsy/m/n on input line 116.
LaTeX Font Info:    ... okay on input line 116.
LaTeX Font Info:    Checking defaults for OMX/cmex/m/n on input line 116.
LaTeX Font Info:    ... okay on input line 116.
LaTeX Font Info:    Checking defaults for U/cmr/m/n on input line 116.
LaTeX Font Info:    ... okay on input line 116.
LaTeX Font Info:    Checking defaults for PD1/pdf/m/n on input line 116.
LaTeX Font Info:    ... okay on input line 116.

*geometry* driver: auto-detecting
*geometry* detected driver: pdftex
*geometry* verbose mode - [ preamble ] result:
* driver: pdftex
* paper: custom
* layout: <same size as paper>
* layoutoffset:(h,v)=(0.0pt,0.0pt)
* modes: includehead includefoot 
* h-part:(L,W,R)=(10.95003pt, 342.2953pt, 10.95003pt)
* v-part:(T,H,B)=(0.0pt, 273.14662pt, 0.0pt)
* \paperwidth=364.19536pt
* \paperheight=273.14662pt
* \textwidth=342.2953pt
* \textheight=244.6939pt
* \oddsidemargin=-61.31996pt
* \evensidemargin=-61.31996pt
* \topmargin=-72.26999pt
* \headheight=14.22636pt
* \headsep=0.0pt
* \topskip=11.0pt
* \footskip=14.22636pt
* \marginparwidth=4.0pt
* \marginparsep=10.0pt
* \columnsep=10.0pt
* \skip\footins=10.0pt plus 4.0pt minus 2.0pt
* \hoffset=0.0pt
* \voffset=0.0pt
* \mag=1000
* \@twocolumnfalse
* \@twosidefalse
* \@mparswitchfalse
* \@reversemarginfalse
* (1in=72.27pt=25.4mm, 1cm=28.453pt)

(/usr/local/texlive/2014/texmf-dist/tex/context/base/supp-pdf.mkii
[Loading MPS to PDF converter (version 2006.09.02).]
\scratchcounter=\count319
\scratchdimen=\dimen293
\scratchbox=\box76
\nofMPsegments=\count320
\nofMParguments=\count321
\everyMPshowfont=\toks46
\MPscratchCnt=\count322
\MPscratchDim=\dimen294
\MPnumerator=\count323
\makeMPintoPDFobject=\count324
\everyMPtoPDFconversion=\toks47
) (/usr/local/texlive/2014/texmf-dist/tex/latex/oberdiek/epstopdf-base.sty
Package: epstopdf-base 2010/02/09 v2.5 Base part for package epstopdf

(/usr/local/texlive/2014/texmf-dist/tex/latex/oberdiek/grfext.sty
Package: grfext 2010/08/19 v1.1 Manage graphics extensions (HO)
)
Package grfext Info: Graphics extension search list:
(grfext)             [.png,.pdf,.jpg,.mps,.jpeg,.jbig2,.jb2,.PNG,.PDF,.JPG,.JPE
G,.JBIG2,.JB2,.eps]
(grfext)             \AppendGraphicsExtensions on input line 452.

(/usr/local/texlive/2014/texmf-dist/tex/latex/latexconfig/epstopdf-sys.cfg
File: epstopdf-sys.cfg 2010/07/13 v1.3 Configuration of (r)epstopdf for TeX Liv
e
))
ABD: EveryShipout initializing macros
\AtBeginShipoutBox=\box77
Package hyperref Info: Link coloring OFF on input line 116.

(/usr/local/texlive/2014/texmf-dist/tex/latex/hyperref/nameref.sty
Package: nameref 2012/10/27 v2.43 Cross-referencing by name of section

(/usr/local/texlive/2014/texmf-dist/tex/generic/oberdiek/gettitlestring.sty
Package: gettitlestring 2010/12/03 v1.4 Cleanup title references (HO)
)
\c@section@level=\count325
)
LaTeX Info: Redefining \ref on input line 116.
LaTeX Info: Redefining \pageref on input line 116.
LaTeX Info: Redefining \nameref on input line 116.

(./main.out) (./main.out)
\@outlinefile=\write5
\openout5 = `main.out'.

LaTeX Font Info:    Overwriting symbol font `operators' in version `normal'
(Font)                  OT1/cmr/m/n --> OT1/cmss/m/n on input line 116.
LaTeX Font Info:    Overwriting symbol font `operators' in version `bold'
(Font)                  OT1/cmr/bx/n --> OT1/cmss/bx/n on input line 116.
\symnumbers=\mathgroup6
\sympureletters=\mathgroup7
LaTeX Font Info:    Overwriting math alphabet `\mathrm' in version `normal'
(Font)                  OT1/cmss/m/n --> OT1/cmr/m/n on input line 116.
LaTeX Font Info:    Redeclaring math alphabet \mathbf on input line 116.
LaTeX Font Info:    Overwriting math alphabet `\mathbf' in version `normal'
(Font)                  OT1/cmr/bx/n --> OT1/cmss/bx/n on input line 116.
LaTeX Font Info:    Overwriting math alphabet `\mathbf' in version `bold'
(Font)                  OT1/cmr/bx/n --> OT1/cmss/bx/n on input line 116.
LaTeX Font Info:    Redeclaring math alphabet \mathsf on input line 116.
LaTeX Font Info:    Overwriting math alphabet `\mathsf' in version `normal'
(Font)                  OT1/cmss/m/n --> OT1/cmss/m/n on input line 116.
LaTeX Font Info:    Overwriting math alphabet `\mathsf' in version `bold'
(Font)                  OT1/cmss/bx/n --> OT1/cmss/m/n on input line 116.
LaTeX Font Info:    Redeclaring math alphabet \mathit on input line 116.
LaTeX Font Info:    Overwriting math alphabet `\mathit' in version `normal'
(Font)                  OT1/cmr/m/it --> OT1/cmss/m/it on input line 116.
LaTeX Font Info:    Overwriting math alphabet `\mathit' in version `bold'
(Font)                  OT1/cmr/bx/it --> OT1/cmss/m/it on input line 116.
LaTeX Font Info:    Redeclaring math alphabet \mathtt on input line 116.
LaTeX Font Info:    Overwriting math alphabet `\mathtt' in version `normal'
(Font)                  OT1/cmtt/m/n --> OT1/cmtt/m/n on input line 116.
LaTeX Font Info:    Overwriting math alphabet `\mathtt' in version `bold'
(Font)                  OT1/cmtt/m/n --> OT1/cmtt/m/n on input line 116.
LaTeX Font Info:    Overwriting symbol font `numbers' in version `bold'
(Font)                  OT1/cmss/m/n --> OT1/cmss/bx/n on input line 116.
LaTeX Font Info:    Overwriting symbol font `pureletters' in version `bold'
(Font)                  OT1/cmss/m/it --> OT1/cmss/bx/it on input line 116.
LaTeX Font Info:    Overwriting math alphabet `\mathrm' in version `bold'
(Font)                  OT1/cmss/bx/n --> OT1/cmr/bx/n on input line 116.
LaTeX Font Info:    Overwriting math alphabet `\mathbf' in version `bold'
(Font)                  OT1/cmss/bx/n --> OT1/cmss/bx/n on input line 116.
LaTeX Font Info:    Overwriting math alphabet `\mathsf' in version `bold'
(Font)                  OT1/cmss/m/n --> OT1/cmss/bx/n on input line 116.
LaTeX Font Info:    Overwriting math alphabet `\mathit' in version `bold'
(Font)                  OT1/cmss/m/it --> OT1/cmss/bx/it on input line 116.
LaTeX Font Info:    Overwriting math alphabet `\mathtt' in version `bold'
(Font)                  OT1/cmtt/m/n --> OT1/cmtt/bx/n on input line 116.
LaTeX Font Info:    Redeclaring symbol font `pureletters' on input line 116.
LaTeX Font Info:    Overwriting symbol font `pureletters' in version `normal'
(Font)                  OT1/cmss/m/it --> OT1/mathkerncmss/m/sl on input line 1
16.
LaTeX Font Info:    Overwriting symbol font `pureletters' in version `bold'
(Font)                  OT1/cmss/bx/it --> OT1/mathkerncmss/m/sl on input line 
116.
LaTeX Font Info:    Overwriting symbol font `pureletters' in version `bold'
(Font)                  OT1/mathkerncmss/m/sl --> OT1/mathkerncmss/bx/sl on inp
ut line 116.

(/usr/local/texlive/2014/texmf-dist/tex/latex/beamer/translator/dicts/translato
r-basic-dictionary/translator-basic-dictionary-English.dict
Dictionary: translator-basic-dictionary, Language: English 
)
(/usr/local/texlive/2014/texmf-dist/tex/latex/beamer/translator/dicts/translato
r-bibliography-dictionary/translator-bibliography-dictionary-English.dict
Dictionary: translator-bibliography-dictionary, Language: English 
)
(/usr/local/texlive/2014/texmf-dist/tex/latex/beamer/translator/dicts/translato
r-environment-dictionary/translator-environment-dictionary-English.dict
Dictionary: translator-environment-dictionary, Language: English 
)
(/usr/local/texlive/2014/texmf-dist/tex/latex/beamer/translator/dicts/translato
r-months-dictionary/translator-months-dictionary-English.dict
Dictionary: translator-months-dictionary, Language: English 
)
(/usr/local/texlive/2014/texmf-dist/tex/latex/beamer/translator/dicts/translato
r-numbers-dictionary/translator-numbers-dictionary-English.dict
Dictionary: translator-numbers-dictionary, Language: English 
)
(/usr/local/texlive/2014/texmf-dist/tex/latex/beamer/translator/dicts/translato
r-theorem-dictionary/translator-theorem-dictionary-English.dict
Dictionary: translator-theorem-dictionary, Language: English 
)
LaTeX Info: Redefining \includegraphics on input line 116.
 (./main.nav)
LaTeX Font Info:    Try loading font information for U+msa on input line 120.

(/usr/local/texlive/2014/texmf-dist/tex/latex/amsfonts/umsa.fd
File: umsa.fd 2013/01/14 v3.01 AMS symbols A
)
LaTeX Font Info:    Try loading font information for U+msb on input line 120.

(/usr/local/texlive/2014/texmf-dist/tex/latex/amsfonts/umsb.fd
File: umsb.fd 2013/01/14 v3.01 AMS symbols B
)
LaTeX Font Info:    Try loading font information for OT1+mathkerncmss on input 
line 120.

(/usr/local/texlive/2014/texmf-dist/tex/latex/sansmathaccent/ot1mathkerncmss.fd
File: ot1mathkerncmss.fd 2013/03/27 Fontinst v1.933 font definitions for OT1/ma
thkerncmss.
)

LaTeX Font Warning: Font shape `OT1/cmss/m/n' in size <4> not available
(Font)              size <5> substituted on input line 120.

[1

{/usr/local/texlive/2014/texmf-var/fonts/map/pdftex/updmap/pdftex.map}]
(./main.toc) <UB_Secondary_SUNY_Small.png, id=81, 2509.375pt x 744.7825pt>
File: UB_Secondary_SUNY_Small.png Graphic file (type png)

<use UB_Secondary_SUNY_Small.png>
Package pdftex.def Info: UB_Secondary_SUNY_Small.png used on input line 130.
(pdftex.def)             Requested size: 71.1044pt x 21.33107pt.
 [2

 <./UB_Secondary_SUNY_Small.png>]
(./main.toc)
File: UB_Secondary_SUNY_Small.png Graphic file (type png)
 <use UB_Secondary_SUNY_Small.png>
Package pdftex.def Info: UB_Secondary_SUNY_Small.png used on input line 135.
(pdftex.def)             Requested size: 71.1044pt x 21.33107pt.
 [3

]
File: UB_Secondary_SUNY_Small.png Graphic file (type png)

<use UB_Secondary_SUNY_Small.png>
Package pdftex.def Info: UB_Secondary_SUNY_Small.png used on input line 152.
(pdftex.def)             Requested size: 71.1044pt x 21.33107pt.
 [4

] (./main.toc)
File: UB_Secondary_SUNY_Small.png Graphic file (type png)

<use UB_Secondary_SUNY_Small.png>
Package pdftex.def Info: UB_Secondary_SUNY_Small.png used on input line 154.
(pdftex.def)             Requested size: 71.1044pt x 21.33107pt.
 [5

]
Underfull \hbox (badness 10000) in paragraph at lines 219--219

 []

File: UB_Secondary_SUNY_Small.png Graphic file (type png)
<use UB_Secondary_SUNY_Small.png>
Package pdftex.def Info: UB_Secondary_SUNY_Small.png used on input line 219.
(pdftex.def)             Requested size: 71.1044pt x 21.33107pt.

Overfull \vbox (10.34201pt too high) detected at line 219
 []

[6

]
Underfull \hbox (badness 10000) in paragraph at lines 288--288

 []

<Domain_good.pdf, id=247, 594.22pt x 567.2713pt>
File: Domain_good.pdf Graphic file (type pdf)
 <use Domain_good.pdf>
Package pdftex.def Info: Domain_good.pdf used on input line 288.
(pdftex.def)             Requested size: 92.98772pt x 88.76575pt.
Package epstopdf Info: Source file: <Boundary-condition.eps>
(epstopdf)                    date: 2017-03-22 20:12:06
(epstopdf)                    size: 99550 bytes
(epstopdf)             Output file: <Boundary-condition-eps-converted-to.pdf>
(epstopdf)                    date: 2017-07-13 19:52:01
(epstopdf)                    size: 16786 bytes
(epstopdf)             Command: <repstopdf --outfile=Boundary-condition-eps-con
verted-to.pdf Boundary-condition.eps>
(epstopdf)             \includegraphics on input line 288.
Package epstopdf Info: Output file is already uptodate.

<Boundary-condition-eps-converted-to.pdf, id=248, 715.67375pt x 643.40375pt>
File: Boundary-condition-eps-converted-to.pdf Graphic file (type pdf)

<use Boundary-condition-eps-converted-to.pdf>
Package pdftex.def Info: Boundary-condition-eps-converted-to.pdf used on input 
line 288.
(pdftex.def)             Requested size: 92.98772pt x 83.59633pt.
File: UB_Secondary_SUNY_Small.png Graphic file (type png)

<use UB_Secondary_SUNY_Small.png>
Package pdftex.def Info: UB_Secondary_SUNY_Small.png used on input line 288.
(pdftex.def)             Requested size: 71.1044pt x 21.33107pt.

Overfull \vbox (10.34201pt too high) detected at line 288
 []

[7

 <./Domain_good.pdf> <./Boundary-condition-eps-converted-to.pdf>] (./main.toc)
File: UB_Secondary_SUNY_Small.png Graphic file (type png)
 <use UB_Secondary_SUNY_Small.png>
Package pdftex.def Info: UB_Secondary_SUNY_Small.png used on input line 290.
(pdftex.def)             Requested size: 71.1044pt x 21.33107pt.
 [8

]
<Neighor-searching-noBG.pdf, id=331, 722.7pt x 542.025pt>
File: Neighor-searching-noBG.pdf Graphic file (type pdf)

<use Neighor-searching-noBG.pdf>
Package pdftex.def Info: Neighor-searching-noBG.pdf used on input line 322.
(pdftex.def)             Requested size: 121.99492pt x 91.48964pt.
File: UB_Secondary_SUNY_Small.png Graphic file (type png)
 <use UB_Secondary_SUNY_Small.png>
Package pdftex.def Info: UB_Secondary_SUNY_Small.png used on input line 322.
(pdftex.def)             Requested size: 71.1044pt x 21.33107pt.
 [9

 <./Neighor-searching-noBG.pdf>]
File: UB_Secondary_SUNY_Small.png Graphic file (type png)
 <use UB_Secondary_SUNY_Small.png>
Package pdftex.def Info: UB_Secondary_SUNY_Small.png used on input line 342.
(pdftex.def)             Requested size: 71.1044pt x 21.33107pt.
 [10

]
File: UB_Secondary_SUNY_Small.png Graphic file (type png)

<use UB_Secondary_SUNY_Small.png>
Package pdftex.def Info: UB_Secondary_SUNY_Small.png used on input line 353.
(pdftex.def)             Requested size: 71.1044pt x 21.33107pt.
 [11

]
Package epstopdf Info: Source file: <Interface_msf_rs.eps>
(epstopdf)                    date: 2017-07-13 23:42:15
(epstopdf)                    size: 155707 bytes
(epstopdf)             Output file: <Interface_msf_rs-eps-converted-to.pdf>
(epstopdf)                    date: 2017-07-13 23:44:08
(epstopdf)                    size: 37198 bytes
(epstopdf)             Command: <repstopdf --outfile=Interface_msf_rs-eps-conve
rted-to.pdf Interface_msf_rs.eps>
(epstopdf)             \includegraphics on input line 383.
Package epstopdf Info: Output file is already uptodate.

<Interface_msf_rs-eps-converted-to.pdf, id=420, 493.845pt x 390.45876pt>
File: Interface_msf_rs-eps-converted-to.pdf Graphic file (type pdf)

<use Interface_msf_rs-eps-converted-to.pdf>
Package pdftex.def Info: Interface_msf_rs-eps-converted-to.pdf used on input li
ne 383.
(pdftex.def)             Requested size: 87.79984pt x 69.41563pt.
Package epstopdf Info: Source file: <Interface_phase_rs.eps>
(epstopdf)                    date: 2017-07-13 23:40:49
(epstopdf)                    size: 73187 bytes
(epstopdf)             Output file: <Interface_phase_rs-eps-converted-to.pdf>
(epstopdf)                    date: 2017-07-13 23:44:10
(epstopdf)                    size: 13037 bytes
(epstopdf)             Command: <repstopdf --outfile=Interface_phase_rs-eps-con
verted-to.pdf Interface_phase_rs.eps>
(epstopdf)             \includegraphics on input line 383.
Package epstopdf Info: Output file is already uptodate.

<Interface_phase_rs-eps-converted-to.pdf, id=421, 498.86375pt x 387.4475pt>
File: Interface_phase_rs-eps-converted-to.pdf Graphic file (type pdf)

<use Interface_phase_rs-eps-converted-to.pdf>
Package pdftex.def Info: Interface_phase_rs-eps-converted-to.pdf used on input 
line 383.
(pdftex.def)             Requested size: 87.79984pt x 68.1886pt.
File: UB_Secondary_SUNY_Small.png Graphic file (type png)

<use UB_Secondary_SUNY_Small.png>
Package pdftex.def Info: UB_Secondary_SUNY_Small.png used on input line 383.
(pdftex.def)             Requested size: 71.1044pt x 21.33107pt.

Overfull \vbox (5.09698pt too high) detected at line 383
 []

[12

 <./Interface_msf_rs-eps-converted-to.pdf> <./Interface_phase_rs-eps-converted-
to.pdf>]
File: UB_Secondary_SUNY_Small.png Graphic file (type png)
 <use UB_Secondary_SUNY_Small.png>
Package pdftex.def Info: UB_Secondary_SUNY_Small.png used on input line 403.
(pdftex.def)             Requested size: 71.1044pt x 21.33107pt.
 [13

]
File: UB_Secondary_SUNY_Small.png Graphic file (type png)

<use UB_Secondary_SUNY_Small.png>
Package pdftex.def Info: UB_Secondary_SUNY_Small.png used on input line 419.
(pdftex.def)             Requested size: 71.1044pt x 21.33107pt.
 [14

]
File: UB_Secondary_SUNY_Small.png Graphic file (type png)
 <use UB_Secondary_SUNY_Small.png>
Package pdftex.def Info: UB_Secondary_SUNY_Small.png used on input line 441.
(pdftex.def)             Requested size: 71.1044pt x 21.33107pt.

Overfull \vbox (1.22281pt too high) detected at line 441
 []

[15

] (./main.toc)
File: UB_Secondary_SUNY_Small.png Graphic file (type png)
 <use UB_Secondary_SUNY_Small.png>
Package pdftex.def Info: UB_Secondary_SUNY_Small.png used on input line 443.
(pdftex.def)             Requested size: 71.1044pt x 21.33107pt.
 [16

]
Package epstopdf Info: Source file: <../conc_along_axis.eps>
(epstopdf)                    date: 2017-02-24 15:37:34
(epstopdf)                    size: 21411 bytes
(epstopdf)             Output file: <../conc_along_axis-eps-converted-to.pdf>
(epstopdf)                    date: 2017-02-24 15:37:34
(epstopdf)                    size: 9708 bytes
(epstopdf)             Command: <repstopdf --outfile=../conc_along_axis-eps-con
verted-to.pdf ../conc_along_axis.eps>
(epstopdf)             \includegraphics on input line 470.
Package epstopdf Info: Output file is already uptodate.

<../conc_along_axis-eps-converted-to.pdf, id=574, 401.5pt x 221.82875pt>
File: ../conc_along_axis-eps-converted-to.pdf Graphic file (type pdf)

<use ../conc_along_axis-eps-converted-to.pdf>
Package pdftex.def Info: ../conc_along_axis-eps-converted-to.pdf used on input 
line 470.
(pdftex.def)             Requested size: 83.86067pt x 46.33154pt.
Package epstopdf Info: Source file: <../conc_cross.eps>
(epstopdf)                    date: 2017-02-24 15:37:34
(epstopdf)                    size: 38197 bytes
(epstopdf)             Output file: <../conc_cross-eps-converted-to.pdf>
(epstopdf)                    date: 2017-02-24 15:37:34
(epstopdf)                    size: 11745 bytes
(epstopdf)             Command: <repstopdf --outfile=../conc_cross-eps-converte
d-to.pdf ../conc_cross.eps>
(epstopdf)             \includegraphics on input line 470.
Package epstopdf Info: Output file is already uptodate.

<../conc_cross-eps-converted-to.pdf, id=575, 432.61626pt x 318.18875pt>
File: ../conc_cross-eps-converted-to.pdf Graphic file (type pdf)

<use ../conc_cross-eps-converted-to.pdf>
Package pdftex.def Info: ../conc_cross-eps-converted-to.pdf used on input line 
470.
(pdftex.def)             Requested size: 83.86067pt x 61.67998pt.
Package epstopdf Info: Source file: <../velo_along_axis.eps>
(epstopdf)                    date: 2017-02-24 15:37:35
(epstopdf)                    size: 23736 bytes
(epstopdf)             Output file: <../velo_along_axis-eps-converted-to.pdf>
(epstopdf)                    date: 2017-02-24 15:37:35
(epstopdf)                    size: 9891 bytes
(epstopdf)             Command: <repstopdf --outfile=../velo_along_axis-eps-con
verted-to.pdf ../velo_along_axis.eps>
(epstopdf)             \includegraphics on input line 470.
Package epstopdf Info: Output file is already uptodate.

<../velo_along_axis-eps-converted-to.pdf, id=576, 396.48125pt x 239.89626pt>
File: ../velo_along_axis-eps-converted-to.pdf Graphic file (type pdf)

<use ../velo_along_axis-eps-converted-to.pdf>
Package pdftex.def Info: ../velo_along_axis-eps-converted-to.pdf used on input 
line 470.
(pdftex.def)             Requested size: 83.86067pt x 50.73842pt.
Package epstopdf Info: Source file: <../vel_cross.eps>
(epstopdf)                    date: 2017-02-24 15:37:35
(epstopdf)                    size: 37985 bytes
(epstopdf)             Output file: <../vel_cross-eps-converted-to.pdf>
(epstopdf)                    date: 2017-02-24 15:37:35
(epstopdf)                    size: 11861 bytes
(epstopdf)             Command: <repstopdf --outfile=../vel_cross-eps-converted
-to.pdf ../vel_cross.eps>
(epstopdf)             \includegraphics on input line 470.
Package epstopdf Info: Output file is already uptodate.

<../vel_cross-eps-converted-to.pdf, id=577, 431.6125pt x 320.19624pt>
File: ../vel_cross-eps-converted-to.pdf Graphic file (type pdf)

<use ../vel_cross-eps-converted-to.pdf>
Package pdftex.def Info: ../vel_cross-eps-converted-to.pdf used on input line 4
70.
(pdftex.def)             Requested size: 83.86067pt x 62.21082pt.
Package epstopdf Info: Source file: <../radius_strong.eps>
(epstopdf)                    date: 2017-02-24 15:37:34
(epstopdf)                    size: 96209 bytes
(epstopdf)             Output file: <../radius_strong-eps-converted-to.pdf>
(epstopdf)                    date: 2017-02-24 15:37:34
(epstopdf)                    size: 16144 bytes
(epstopdf)             Command: <repstopdf --outfile=../radius_strong-eps-conve
rted-to.pdf ../radius_strong.eps>
(epstopdf)             \includegraphics on input line 470.
Package epstopdf Info: Output file is already uptodate.

<../radius_strong-eps-converted-to.pdf, id=578, 467.7475pt x 346.29375pt>
File: ../radius_strong-eps-converted-to.pdf Graphic file (type pdf)

<use ../radius_strong-eps-converted-to.pdf>
Package pdftex.def Info: ../radius_strong-eps-converted-to.pdf used on input li
ne 470.
(pdftex.def)             Requested size: 83.86067pt x 62.08183pt.
Package epstopdf Info: Source file: <../Temp.eps>
(epstopdf)                    date: 2017-02-24 15:37:34
(epstopdf)                    size: 94549 bytes
(epstopdf)             Output file: <../Temp-eps-converted-to.pdf>
(epstopdf)                    date: 2017-02-24 15:37:34
(epstopdf)                    size: 16100 bytes
(epstopdf)             Command: <repstopdf --outfile=../Temp-eps-converted-to.p
df ../Temp.eps>
(epstopdf)             \includegraphics on input line 470.
Package epstopdf Info: Output file is already uptodate.

<../Temp-eps-converted-to.pdf, id=579, 470.75874pt x 345.29pt>
File: ../Temp-eps-converted-to.pdf Graphic file (type pdf)

<use ../Temp-eps-converted-to.pdf>
Package pdftex.def Info: ../Temp-eps-converted-to.pdf used on input line 470.
(pdftex.def)             Requested size: 83.86067pt x 61.50673pt.
Package epstopdf Info: Source file: <../density_strong.eps>
(epstopdf)                    date: 2017-02-24 15:37:34
(epstopdf)                    size: 93635 bytes
(epstopdf)             Output file: <../density_strong-eps-converted-to.pdf>
(epstopdf)                    date: 2017-02-24 15:37:34
(epstopdf)                    size: 15503 bytes
(epstopdf)             Command: <repstopdf --outfile=../density_strong-eps-conv
erted-to.pdf ../density_strong.eps>
(epstopdf)             \includegraphics on input line 470.
Package epstopdf Info: Output file is already uptodate.

<../density_strong-eps-converted-to.pdf, id=580, 470.75874pt x 345.29pt>
File: ../density_strong-eps-converted-to.pdf Graphic file (type pdf)

<use ../density_strong-eps-converted-to.pdf>
Package pdftex.def Info: ../density_strong-eps-converted-to.pdf used on input l
ine 470.
(pdftex.def)             Requested size: 83.86067pt x 61.50673pt.
Package epstopdf Info: Source file: <mssfrc_entrained_air.eps>
(epstopdf)                    date: 2017-07-13 20:14:56
(epstopdf)                    size: 32777 bytes
(epstopdf)             Output file: <mssfrc_entrained_air-eps-converted-to.pdf>

(epstopdf)                    date: 2017-07-13 20:15:54
(epstopdf)                    size: 15730 bytes
(epstopdf)             Command: <repstopdf --outfile=mssfrc_entrained_air-eps-c
onverted-to.pdf mssfrc_entrained_air.eps>
(epstopdf)             \includegraphics on input line 470.
Package epstopdf Info: Output file is already uptodate.

<mssfrc_entrained_air-eps-converted-to.pdf, id=581, 578.16pt x 433.62pt>
File: mssfrc_entrained_air-eps-converted-to.pdf Graphic file (type pdf)

<use mssfrc_entrained_air-eps-converted-to.pdf>
Package pdftex.def Info: mssfrc_entrained_air-eps-converted-to.pdf used on inpu
t line 470.
(pdftex.def)             Requested size: 83.86067pt x 62.88983pt.
File: UB_Secondary_SUNY_Small.png Graphic file (type png)

<use UB_Secondary_SUNY_Small.png>
Package pdftex.def Info: UB_Secondary_SUNY_Small.png used on input line 470.
(pdftex.def)             Requested size: 71.1044pt x 21.33107pt.
 [17

pdfTeX warning (ext4): destination with the same identifier (name{fig:JPUE_all}
) has been already used, duplicate ignored

\@EveryShipout@Output ...@Org@Shipout \box \@cclv 
                                                  
l.470 \end{frame}
                  <../conc_along_axis-eps-converted-to.pdf> <../conc_cross-eps-
converted-to.pdf> <../velo_along_axis-eps-converted-to.pdf> <../vel_cross-eps-c
onverted-to.pdf> <../radius_strong-eps-converted-to.pdf> <../Temp-eps-converted
-to.pdf> <../density_strong-eps-converted-to.pdf> <./mssfrc_entrained_air-eps-c
onverted-to.pdf>]
\g__file_internal_ior=\read2
<<VPlayer.swf>><<mssfrc_sml400.mp4>><<cut_view_mssfrc_sml400.mp4>><<cut_view_In
volved_sml400.mp4>>
File: UB_Secondary_SUNY_Small.png Graphic file (type png)
 <use UB_Secondary_SUNY_Small.png>
Package pdftex.def Info: UB_Secondary_SUNY_Small.png used on input line 518.
(pdftex.def)             Requested size: 71.1044pt x 21.33107pt.

Overfull \vbox (2.20702pt too high) detected at line 518
 []

[18

] (./main.toc)
File: UB_Secondary_SUNY_Small.png Graphic file (type png)
 <use UB_Secondary_SUNY_Small.png>
Package pdftex.def Info: UB_Secondary_SUNY_Small.png used on input line 520.
(pdftex.def)             Requested size: 71.1044pt x 21.33107pt.
 [19

]
<Requirement_all.pdf, id=801, 901.3675pt x 625.33624pt>
File: Requirement_all.pdf Graphic file (type pdf)

<use Requirement_all.pdf>
Package pdftex.def Info: Requirement_all.pdf used on input line 528.
(pdftex.def)             Requested size: 315.48334pt x 218.87096pt.
File: UB_Secondary_SUNY_Small.png Graphic file (type png)
 <use UB_Secondary_SUNY_Small.png>
Package pdftex.def Info: UB_Secondary_SUNY_Small.png used on input line 528.
(pdftex.def)             Requested size: 71.1044pt x 21.33107pt.

Overfull \vbox (1.80037pt too high) detected at line 528
 []

[20

 <./Requirement_all.pdf>]
Package epstopdf Info: Source file: <../strong.eps>
(epstopdf)                    date: 2017-02-24 15:37:34
(epstopdf)                    size: 18432 bytes
(epstopdf)             Output file: <../strong-eps-converted-to.pdf>
(epstopdf)                    date: 2017-02-24 15:37:34
(epstopdf)                    size: 8607 bytes
(epstopdf)             Command: <repstopdf --outfile=../strong-eps-converted-to
.pdf ../strong.eps>
(epstopdf)             \includegraphics on input line 576.
Package epstopdf Info: Output file is already uptodate.

<../strong-eps-converted-to.pdf, id=837, 449.68pt x 311.1625pt>
File: ../strong-eps-converted-to.pdf Graphic file (type pdf)

<use ../strong-eps-converted-to.pdf>
Package pdftex.def Info: ../strong-eps-converted-to.pdf used on input line 576.

(pdftex.def)             Requested size: 125.79492pt x 87.04419pt.
Package epstopdf Info: Source file: <../weak_scale.eps>
(epstopdf)                    date: 2017-02-24 15:37:35
(epstopdf)                    size: 90414 bytes
(epstopdf)             Output file: <../weak_scale-eps-converted-to.pdf>
(epstopdf)                    date: 2017-02-24 15:37:35
(epstopdf)                    size: 11004 bytes
(epstopdf)             Command: <repstopdf --outfile=../weak_scale-eps-converte
d-to.pdf ../weak_scale.eps>
(epstopdf)             \includegraphics on input line 576.
Package epstopdf Info: Output file is already uptodate.

<../weak_scale-eps-converted-to.pdf, id=838, 450.68375pt x 312.16624pt>
File: ../weak_scale-eps-converted-to.pdf Graphic file (type pdf)

<use ../weak_scale-eps-converted-to.pdf>
Package pdftex.def Info: ../weak_scale-eps-converted-to.pdf used on input line 
576.
(pdftex.def)             Requested size: 125.79492pt x 87.12967pt.

<int_bar.png, id=839, 421.575pt x 371.88937pt>
File: int_bar.png Graphic file (type png)
 <use int_bar.png>
Package pdftex.def Info: int_bar.png used on input line 576.
(pdftex.def)             Requested size: 125.79492pt x 110.96616pt.
Package epstopdf Info: Source file: <../adj_vs_no.eps>
(epstopdf)                    date: 2017-02-24 15:37:34
(epstopdf)                    size: 84903 bytes
(epstopdf)             Output file: <../adj_vs_no-eps-converted-to.pdf>
(epstopdf)                    date: 2017-02-24 15:37:34
(epstopdf)                    size: 9379 bytes
(epstopdf)             Command: <repstopdf --outfile=../adj_vs_no-eps-converted
-to.pdf ../adj_vs_no.eps>
(epstopdf)             \includegraphics on input line 576.
Package epstopdf Info: Output file is already uptodate.

<../adj_vs_no-eps-converted-to.pdf, id=840, 456.70625pt x 309.155pt>
File: ../adj_vs_no-eps-converted-to.pdf Graphic file (type pdf)

<use ../adj_vs_no-eps-converted-to.pdf>
Package pdftex.def Info: ../adj_vs_no-eps-converted-to.pdf used on input line 5
76.
(pdftex.def)             Requested size: 125.79492pt x 85.15233pt.
File: UB_Secondary_SUNY_Small.png Graphic file (type png)
 <use UB_Secondary_SUNY_Small.png>
Package pdftex.def Info: UB_Secondary_SUNY_Small.png used on input line 576.
(pdftex.def)             Requested size: 71.1044pt x 21.33107pt.

[21

 <../strong-eps-converted-to.pdf> <../weak_scale-eps-converted-to.pdf> <./int_b
ar.png (PNG copy)> <../adj_vs_no-eps-converted-to.pdf>]
File: UB_Secondary_SUNY_Small.png Graphic file (type png)

<use UB_Secondary_SUNY_Small.png>
Package pdftex.def Info: UB_Secondary_SUNY_Small.png used on input line 586.
(pdftex.def)             Requested size: 71.1044pt x 21.33107pt.
 [22

]
Package atenddvi Info: Last page = 23.
 [23

]
\tf@nav=\write6
\openout6 = `main.nav'.

\tf@toc=\write7
\openout7 = `main.toc'.

\tf@snm=\write8
\openout8 = `main.snm'.

Package atveryend Info: Empty hook `BeforeClearDocument' on input line 629.
Package atveryend Info: Executing hook `AfterLastShipout' on input line 629.
 (./main.aux)
Package atveryend Info: Executing hook `AtVeryEndDocument' on input line 629.
Package atveryend Info: Executing hook `AtEndAfterFileList' on input line 629.
Package rerunfilecheck Info: File `main.out' has not changed.
(rerunfilecheck)             Checksum: 4D0A347ACB8E5C92F5CD886BA64FFC11;290.


LaTeX Font Warning: Size substitutions with differences
(Font)              up to 1.0pt have occurred.


LaTeX Warning: There were multiply-defined labels.

Package atveryend Info: Empty hook `AtVeryVeryEnd' on input line 629.
 ) 
Here is how much of TeX's memory you used:
 27247 strings out of 493117
 555754 string characters out of 6135433
 614028 words of memory out of 5000000
 30058 multiletter control sequences out of 15000+600000
 13830 words of font info for 50 fonts, out of 8000000 for 9000
 1141 hyphenation exceptions out of 8191
 58i,22n,64p,10365b,724s stack positions out of 5000i,500n,10000p,200000b,80000s
</usr/local/texlive/2014/texmf-dist/fonts/type1/public/amsfonts/cm/cmex10.pfb
></usr/local/texlive/2014/texmf-dist/fonts/type1/public/amsfonts/cm/cmmi10.pfb>
</usr/local/texlive/2014/texmf-dist/fonts/type1/public/amsfonts/cm/cmmi8.pfb></
usr/local/texlive/2014/texmf-dist/fonts/type1/public/amsfonts/cm/cmr10.pfb></us
r/local/texlive/2014/texmf-dist/fonts/type1/public/amsfonts/cm/cmss10.pfb></usr
/local/texlive/2014/texmf-dist/fonts/type1/public/amsfonts/cm/cmss12.pfb></usr/
local/texlive/2014/texmf-dist/fonts/type1/public/amsfonts/cm/cmss17.pfb></usr/l
ocal/texlive/2014/texmf-dist/fonts/type1/public/amsfonts/cm/cmss8.pfb></usr/loc
al/texlive/2014/texmf-dist/fonts/type1/public/amsfonts/cm/cmssbx10.pfb></usr/lo
cal/texlive/2014/texmf-dist/fonts/type1/public/amsfonts/cm/cmssi10.pfb></usr/lo
cal/texlive/2014/texmf-dist/fonts/type1/public/amsfonts/cm/cmssi8.pfb></usr/loc
al/texlive/2014/texmf-dist/fonts/type1/public/amsfonts/cm/cmsy10.pfb></usr/loca
l/texlive/2014/texmf-dist/fonts/type1/public/amsfonts/cm/cmsy8.pfb>
Output written on main.pdf (23 pages, 11382356 bytes).
PDF statistics:
 1017 PDF objects out of 1200 (max. 8388607)
 889 compressed objects within 9 object streams
 89 named destinations out of 1000 (max. 500000)
 414 words of extra memory for PDF output out of 10000 (max. 10000000)

